The system is: Darwin - 20.4.0 - x86_64
Compiling the C compiler identification source file "CMakeCCompilerId.c" succeeded.
Compiler: /Applications/xcode12.0.1/Xcode.app/Contents/Developer/Toolchains/XcodeDefault.xctoolchain/usr/bin/cc 
Build flags: 
Id flags: -c 

The output was:
0


Compilation of the C compiler identification source "CMakeCCompilerId.c" produced "CMakeCCompilerId.o"

The C compiler identification is AppleClang, found in "/Users/wushun/Desktop/kcp/kcpClient/CMakeFiles/3.16.4/CompilerIdC/CMakeCCompilerId.o"

Compiling the CXX compiler identification source file "CMakeCXXCompilerId.cpp" succeeded.
Compiler: /Applications/xcode12.0.1/Xcode.app/Contents/Developer/Toolchains/XcodeDefault.xctoolchain/usr/bin/c++ 
Build flags: 
Id flags: -c 

The output was:
0


Compilation of the CXX compiler identification source "CMakeCXXCompilerId.cpp" produced "CMakeCXXCompilerId.o"

The CXX compiler identification is AppleClang, found in "/Users/wushun/Desktop/kcp/kcpClient/CMakeFiles/3.16.4/CompilerIdCXX/CMakeCXXCompilerId.o"

Determining if the C compiler works passed with the following output:
Change Dir: /Users/wushun/Desktop/kcp/kcpClient/CMakeFiles/CMakeTmp

Run Build Command(s):/usr/bin/make cmTC_d7d91/fast && /Applications/xcode12.0.1/Xcode.app/Contents/Developer/usr/bin/make -f CMakeFiles/cmTC_d7d91.dir/build.make CMakeFiles/cmTC_d7d91.dir/build
Building C object CMakeFiles/cmTC_d7d91.dir/testCCompiler.c.o
/Applications/xcode12.0.1/Xcode.app/Contents/Developer/Toolchains/XcodeDefault.xctoolchain/usr/bin/cc   -isysroot /Applications/xcode12.0.1/Xcode.app/Contents/Developer/Platforms/MacOSX.platform/Developer/SDKs/MacOSX10.15.sdk   -o CMakeFiles/cmTC_d7d91.dir/testCCompiler.c.o   -c /Users/wushun/Desktop/kcp/kcpClient/CMakeFiles/CMakeTmp/testCCompiler.c
Linking C executable cmTC_d7d91
/usr/local/Cellar/cmake/3.16.4/bin/cmake -E cmake_link_script CMakeFiles/cmTC_d7d91.dir/link.txt --verbose=1
/Applications/xcode12.0.1/Xcode.app/Contents/Developer/Toolchains/XcodeDefault.xctoolchain/usr/bin/cc   -isysroot /Applications/xcode12.0.1/Xcode.app/Contents/Developer/Platforms/MacOSX.platform/Developer/SDKs/MacOSX10.15.sdk -Wl,-search_paths_first -Wl,-headerpad_max_install_names   CMakeFiles/cmTC_d7d91.dir/testCCompiler.c.o  -o cmTC_d7d91 



Detecting C compiler ABI info compiled with the following output:
Change Dir: /Users/wushun/Desktop/kcp/kcpClient/CMakeFiles/CMakeTmp

Run Build Command(s):/usr/bin/make cmTC_bce2e/fast && /Applications/xcode12.0.1/Xcode.app/Contents/Developer/usr/bin/make -f CMakeFiles/cmTC_bce2e.dir/build.make CMakeFiles/cmTC_bce2e.dir/build
Building C object CMakeFiles/cmTC_bce2e.dir/CMakeCCompilerABI.c.o
/Applications/xcode12.0.1/Xcode.app/Contents/Developer/Toolchains/XcodeDefault.xctoolchain/usr/bin/cc   -isysroot /Applications/xcode12.0.1/Xcode.app/Contents/Developer/Platforms/MacOSX.platform/Developer/SDKs/MacOSX10.15.sdk   -v -Wl,-v -o CMakeFiles/cmTC_bce2e.dir/CMakeCCompilerABI.c.o   -c /usr/local/Cellar/cmake/3.16.4/share/cmake/Modules/CMakeCCompilerABI.c
Apple clang version 12.0.0 (clang-1200.0.32.2)
Target: x86_64-apple-darwin20.4.0
Thread model: posix
InstalledDir: /Applications/xcode12.0.1/Xcode.app/Contents/Developer/Toolchains/XcodeDefault.xctoolchain/usr/bin
clang: warning: -Wl,-v: 'linker' input unused [-Wunused-command-line-argument]
 "/Applications/xcode12.0.1/Xcode.app/Contents/Developer/Toolchains/XcodeDefault.xctoolchain/usr/bin/clang" -cc1 -triple x86_64-apple-macosx10.15.6 -Wdeprecated-objc-isa-usage -Werror=deprecated-objc-isa-usage -Werror=implicit-function-declaration -emit-obj -mrelax-all -disable-free -disable-llvm-verifier -discard-value-names -main-file-name CMakeCCompilerABI.c -mrelocation-model pic -pic-level 2 -mthread-model posix -mframe-pointer=all -fno-strict-return -masm-verbose -munwind-tables -target-sdk-version=10.15.6 -fcompatibility-qualified-id-block-type-checking -target-cpu penryn -dwarf-column-info -debugger-tuning=lldb -target-linker-version 609 -v -resource-dir /Applications/xcode12.0.1/Xcode.app/Contents/Developer/Toolchains/XcodeDefault.xctoolchain/usr/lib/clang/12.0.0 -isysroot /Applications/xcode12.0.1/Xcode.app/Contents/Developer/Platforms/MacOSX.platform/Developer/SDKs/MacOSX10.15.sdk -internal-isystem /Applications/xcode12.0.1/Xcode.app/Contents/Developer/Platforms/MacOSX.platform/Developer/SDKs/MacOSX10.15.sdk/usr/local/include -internal-isystem /Applications/xcode12.0.1/Xcode.app/Contents/Developer/Toolchains/XcodeDefault.xctoolchain/usr/lib/clang/12.0.0/include -internal-externc-isystem /Applications/xcode12.0.1/Xcode.app/Contents/Developer/Platforms/MacOSX.platform/Developer/SDKs/MacOSX10.15.sdk/usr/include -internal-externc-isystem /Applications/xcode12.0.1/Xcode.app/Contents/Developer/Toolchains/XcodeDefault.xctoolchain/usr/include -Wno-reorder-init-list -Wno-implicit-int-float-conversion -Wno-c99-designator -Wno-final-dtor-non-final-class -Wno-extra-semi-stmt -Wno-misleading-indentation -Wno-quoted-include-in-framework-header -Wno-implicit-fallthrough -Wno-enum-enum-conversion -Wno-enum-float-conversion -fdebug-compilation-dir /Users/wushun/Desktop/kcp/kcpClient/CMakeFiles/CMakeTmp -ferror-limit 19 -fmessage-length 0 -stack-protector 1 -fstack-check -mdarwin-stkchk-strong-link -fblocks -fencode-extended-block-signature -fregister-global-dtors-with-atexit -fgnuc-version=4.2.1 -fobjc-runtime=macosx-10.15.6 -fmax-type-align=16 -fdiagnostics-show-option -o CMakeFiles/cmTC_bce2e.dir/CMakeCCompilerABI.c.o -x c /usr/local/Cellar/cmake/3.16.4/share/cmake/Modules/CMakeCCompilerABI.c
clang -cc1 version 12.0.0 (clang-1200.0.32.2) default target x86_64-apple-darwin20.4.0
ignoring nonexistent directory "/Applications/xcode12.0.1/Xcode.app/Contents/Developer/Platforms/MacOSX.platform/Developer/SDKs/MacOSX10.15.sdk/usr/local/include"
ignoring nonexistent directory "/Applications/xcode12.0.1/Xcode.app/Contents/Developer/Platforms/MacOSX.platform/Developer/SDKs/MacOSX10.15.sdk/Library/Frameworks"
#include "..." search starts here:
#include <...> search starts here:
 /Applications/xcode12.0.1/Xcode.app/Contents/Developer/Toolchains/XcodeDefault.xctoolchain/usr/lib/clang/12.0.0/include
 /Applications/xcode12.0.1/Xcode.app/Contents/Developer/Platforms/MacOSX.platform/Developer/SDKs/MacOSX10.15.sdk/usr/include
 /Applications/xcode12.0.1/Xcode.app/Contents/Developer/Toolchains/XcodeDefault.xctoolchain/usr/include
 /Applications/xcode12.0.1/Xcode.app/Contents/Developer/Platforms/MacOSX.platform/Developer/SDKs/MacOSX10.15.sdk/System/Library/Frameworks (framework directory)
End of search list.
Linking C executable cmTC_bce2e
/usr/local/Cellar/cmake/3.16.4/bin/cmake -E cmake_link_script CMakeFiles/cmTC_bce2e.dir/link.txt --verbose=1
/Applications/xcode12.0.1/Xcode.app/Contents/Developer/Toolchains/XcodeDefault.xctoolchain/usr/bin/cc   -isysroot /Applications/xcode12.0.1/Xcode.app/Contents/Developer/Platforms/MacOSX.platform/Developer/SDKs/MacOSX10.15.sdk -Wl,-search_paths_first -Wl,-headerpad_max_install_names  -v -Wl,-v CMakeFiles/cmTC_bce2e.dir/CMakeCCompilerABI.c.o  -o cmTC_bce2e 
Apple clang version 12.0.0 (clang-1200.0.32.2)
Target: x86_64-apple-darwin20.4.0
Thread model: posix
InstalledDir: /Applications/xcode12.0.1/Xcode.app/Contents/Developer/Toolchains/XcodeDefault.xctoolchain/usr/bin
 "/Applications/xcode12.0.1/Xcode.app/Contents/Developer/Toolchains/XcodeDefault.xctoolchain/usr/bin/ld" -demangle -lto_library /Applications/xcode12.0.1/Xcode.app/Contents/Developer/Toolchains/XcodeDefault.xctoolchain/usr/lib/libLTO.dylib -dynamic -arch x86_64 -platform_version macos 10.15.6 10.15.6 -syslibroot /Applications/xcode12.0.1/Xcode.app/Contents/Developer/Platforms/MacOSX.platform/Developer/SDKs/MacOSX10.15.sdk -o cmTC_bce2e -search_paths_first -headerpad_max_install_names -v CMakeFiles/cmTC_bce2e.dir/CMakeCCompilerABI.c.o -lSystem /Applications/xcode12.0.1/Xcode.app/Contents/Developer/Toolchains/XcodeDefault.xctoolchain/usr/lib/clang/12.0.0/lib/darwin/libclang_rt.osx.a
@(#)PROGRAM:ld  PROJECT:ld64-609
BUILD 07:59:13 Aug 25 2020
configured to support archs: armv6 armv7 armv7s arm64 arm64e arm64_32 i386 x86_64 x86_64h armv6m armv7k armv7m armv7em
Library search paths:
	/Applications/xcode12.0.1/Xcode.app/Contents/Developer/Platforms/MacOSX.platform/Developer/SDKs/MacOSX10.15.sdk/usr/lib
Framework search paths:
	/Applications/xcode12.0.1/Xcode.app/Contents/Developer/Platforms/MacOSX.platform/Developer/SDKs/MacOSX10.15.sdk/System/Library/Frameworks/



Parsed C implicit include dir info from above output: rv=done
  found start of include info
  found start of implicit include info
    add: [/Applications/xcode12.0.1/Xcode.app/Contents/Developer/Toolchains/XcodeDefault.xctoolchain/usr/lib/clang/12.0.0/include]
    add: [/Applications/xcode12.0.1/Xcode.app/Contents/Developer/Platforms/MacOSX.platform/Developer/SDKs/MacOSX10.15.sdk/usr/include]
    add: [/Applications/xcode12.0.1/Xcode.app/Contents/Developer/Toolchains/XcodeDefault.xctoolchain/usr/include]
  end of search list found
  collapse include dir [/Applications/xcode12.0.1/Xcode.app/Contents/Developer/Toolchains/XcodeDefault.xctoolchain/usr/lib/clang/12.0.0/include] ==> [/Applications/xcode12.0.1/Xcode.app/Contents/Developer/Toolchains/XcodeDefault.xctoolchain/usr/lib/clang/12.0.0/include]
  collapse include dir [/Applications/xcode12.0.1/Xcode.app/Contents/Developer/Platforms/MacOSX.platform/Developer/SDKs/MacOSX10.15.sdk/usr/include] ==> [/Applications/xcode12.0.1/Xcode.app/Contents/Developer/Platforms/MacOSX.platform/Developer/SDKs/MacOSX10.15.sdk/usr/include]
  collapse include dir [/Applications/xcode12.0.1/Xcode.app/Contents/Developer/Toolchains/XcodeDefault.xctoolchain/usr/include] ==> [/Applications/xcode12.0.1/Xcode.app/Contents/Developer/Toolchains/XcodeDefault.xctoolchain/usr/include]
  implicit include dirs: [/Applications/xcode12.0.1/Xcode.app/Contents/Developer/Toolchains/XcodeDefault.xctoolchain/usr/lib/clang/12.0.0/include;/Applications/xcode12.0.1/Xcode.app/Contents/Developer/Platforms/MacOSX.platform/Developer/SDKs/MacOSX10.15.sdk/usr/include;/Applications/xcode12.0.1/Xcode.app/Contents/Developer/Toolchains/XcodeDefault.xctoolchain/usr/include]


Parsed C implicit link information from above output:
  link line regex: [^( *|.*[/\])(ld|CMAKE_LINK_STARTFILE-NOTFOUND|([^/\]+-)?ld|collect2)[^/\]*( |$)]
  ignore line: [Change Dir: /Users/wushun/Desktop/kcp/kcpClient/CMakeFiles/CMakeTmp]
  ignore line: []
  ignore line: [Run Build Command(s):/usr/bin/make cmTC_bce2e/fast && /Applications/xcode12.0.1/Xcode.app/Contents/Developer/usr/bin/make -f CMakeFiles/cmTC_bce2e.dir/build.make CMakeFiles/cmTC_bce2e.dir/build]
  ignore line: [Building C object CMakeFiles/cmTC_bce2e.dir/CMakeCCompilerABI.c.o]
  ignore line: [/Applications/xcode12.0.1/Xcode.app/Contents/Developer/Toolchains/XcodeDefault.xctoolchain/usr/bin/cc   -isysroot /Applications/xcode12.0.1/Xcode.app/Contents/Developer/Platforms/MacOSX.platform/Developer/SDKs/MacOSX10.15.sdk   -v -Wl -v -o CMakeFiles/cmTC_bce2e.dir/CMakeCCompilerABI.c.o   -c /usr/local/Cellar/cmake/3.16.4/share/cmake/Modules/CMakeCCompilerABI.c]
  ignore line: [Apple clang version 12.0.0 (clang-1200.0.32.2)]
  ignore line: [Target: x86_64-apple-darwin20.4.0]
  ignore line: [Thread model: posix]
  ignore line: [InstalledDir: /Applications/xcode12.0.1/Xcode.app/Contents/Developer/Toolchains/XcodeDefault.xctoolchain/usr/bin]
  ignore line: [clang: warning: -Wl -v: 'linker' input unused [-Wunused-command-line-argument]]
  ignore line: [ "/Applications/xcode12.0.1/Xcode.app/Contents/Developer/Toolchains/XcodeDefault.xctoolchain/usr/bin/clang" -cc1 -triple x86_64-apple-macosx10.15.6 -Wdeprecated-objc-isa-usage -Werror=deprecated-objc-isa-usage -Werror=implicit-function-declaration -emit-obj -mrelax-all -disable-free -disable-llvm-verifier -discard-value-names -main-file-name CMakeCCompilerABI.c -mrelocation-model pic -pic-level 2 -mthread-model posix -mframe-pointer=all -fno-strict-return -masm-verbose -munwind-tables -target-sdk-version=10.15.6 -fcompatibility-qualified-id-block-type-checking -target-cpu penryn -dwarf-column-info -debugger-tuning=lldb -target-linker-version 609 -v -resource-dir /Applications/xcode12.0.1/Xcode.app/Contents/Developer/Toolchains/XcodeDefault.xctoolchain/usr/lib/clang/12.0.0 -isysroot /Applications/xcode12.0.1/Xcode.app/Contents/Developer/Platforms/MacOSX.platform/Developer/SDKs/MacOSX10.15.sdk -internal-isystem /Applications/xcode12.0.1/Xcode.app/Contents/Developer/Platforms/MacOSX.platform/Developer/SDKs/MacOSX10.15.sdk/usr/local/include -internal-isystem /Applications/xcode12.0.1/Xcode.app/Contents/Developer/Toolchains/XcodeDefault.xctoolchain/usr/lib/clang/12.0.0/include -internal-externc-isystem /Applications/xcode12.0.1/Xcode.app/Contents/Developer/Platforms/MacOSX.platform/Developer/SDKs/MacOSX10.15.sdk/usr/include -internal-externc-isystem /Applications/xcode12.0.1/Xcode.app/Contents/Developer/Toolchains/XcodeDefault.xctoolchain/usr/include -Wno-reorder-init-list -Wno-implicit-int-float-conversion -Wno-c99-designator -Wno-final-dtor-non-final-class -Wno-extra-semi-stmt -Wno-misleading-indentation -Wno-quoted-include-in-framework-header -Wno-implicit-fallthrough -Wno-enum-enum-conversion -Wno-enum-float-conversion -fdebug-compilation-dir /Users/wushun/Desktop/kcp/kcpClient/CMakeFiles/CMakeTmp -ferror-limit 19 -fmessage-length 0 -stack-protector 1 -fstack-check -mdarwin-stkchk-strong-link -fblocks -fencode-extended-block-signature -fregister-global-dtors-with-atexit -fgnuc-version=4.2.1 -fobjc-runtime=macosx-10.15.6 -fmax-type-align=16 -fdiagnostics-show-option -o CMakeFiles/cmTC_bce2e.dir/CMakeCCompilerABI.c.o -x c /usr/local/Cellar/cmake/3.16.4/share/cmake/Modules/CMakeCCompilerABI.c]
  ignore line: [clang -cc1 version 12.0.0 (clang-1200.0.32.2) default target x86_64-apple-darwin20.4.0]
  ignore line: [ignoring nonexistent directory "/Applications/xcode12.0.1/Xcode.app/Contents/Developer/Platforms/MacOSX.platform/Developer/SDKs/MacOSX10.15.sdk/usr/local/include"]
  ignore line: [ignoring nonexistent directory "/Applications/xcode12.0.1/Xcode.app/Contents/Developer/Platforms/MacOSX.platform/Developer/SDKs/MacOSX10.15.sdk/Library/Frameworks"]
  ignore line: [#include "..." search starts here:]
  ignore line: [#include <...> search starts here:]
  ignore line: [ /Applications/xcode12.0.1/Xcode.app/Contents/Developer/Toolchains/XcodeDefault.xctoolchain/usr/lib/clang/12.0.0/include]
  ignore line: [ /Applications/xcode12.0.1/Xcode.app/Contents/Developer/Platforms/MacOSX.platform/Developer/SDKs/MacOSX10.15.sdk/usr/include]
  ignore line: [ /Applications/xcode12.0.1/Xcode.app/Contents/Developer/Toolchains/XcodeDefault.xctoolchain/usr/include]
  ignore line: [ /Applications/xcode12.0.1/Xcode.app/Contents/Developer/Platforms/MacOSX.platform/Developer/SDKs/MacOSX10.15.sdk/System/Library/Frameworks (framework directory)]
  ignore line: [End of search list.]
  ignore line: [Linking C executable cmTC_bce2e]
  ignore line: [/usr/local/Cellar/cmake/3.16.4/bin/cmake -E cmake_link_script CMakeFiles/cmTC_bce2e.dir/link.txt --verbose=1]
  ignore line: [/Applications/xcode12.0.1/Xcode.app/Contents/Developer/Toolchains/XcodeDefault.xctoolchain/usr/bin/cc   -isysroot /Applications/xcode12.0.1/Xcode.app/Contents/Developer/Platforms/MacOSX.platform/Developer/SDKs/MacOSX10.15.sdk -Wl -search_paths_first -Wl -headerpad_max_install_names  -v -Wl -v CMakeFiles/cmTC_bce2e.dir/CMakeCCompilerABI.c.o  -o cmTC_bce2e ]
  ignore line: [Apple clang version 12.0.0 (clang-1200.0.32.2)]
  ignore line: [Target: x86_64-apple-darwin20.4.0]
  ignore line: [Thread model: posix]
  ignore line: [InstalledDir: /Applications/xcode12.0.1/Xcode.app/Contents/Developer/Toolchains/XcodeDefault.xctoolchain/usr/bin]
  link line: [ "/Applications/xcode12.0.1/Xcode.app/Contents/Developer/Toolchains/XcodeDefault.xctoolchain/usr/bin/ld" -demangle -lto_library /Applications/xcode12.0.1/Xcode.app/Contents/Developer/Toolchains/XcodeDefault.xctoolchain/usr/lib/libLTO.dylib -dynamic -arch x86_64 -platform_version macos 10.15.6 10.15.6 -syslibroot /Applications/xcode12.0.1/Xcode.app/Contents/Developer/Platforms/MacOSX.platform/Developer/SDKs/MacOSX10.15.sdk -o cmTC_bce2e -search_paths_first -headerpad_max_install_names -v CMakeFiles/cmTC_bce2e.dir/CMakeCCompilerABI.c.o -lSystem /Applications/xcode12.0.1/Xcode.app/Contents/Developer/Toolchains/XcodeDefault.xctoolchain/usr/lib/clang/12.0.0/lib/darwin/libclang_rt.osx.a]
    arg [/Applications/xcode12.0.1/Xcode.app/Contents/Developer/Toolchains/XcodeDefault.xctoolchain/usr/bin/ld] ==> ignore
    arg [-demangle] ==> ignore
    arg [-lto_library] ==> ignore, skip following value
    arg [/Applications/xcode12.0.1/Xcode.app/Contents/Developer/Toolchains/XcodeDefault.xctoolchain/usr/lib/libLTO.dylib] ==> skip value of -lto_library
    arg [-dynamic] ==> ignore
    arg [-arch] ==> ignore
    arg [x86_64] ==> ignore
    arg [-platform_version] ==> ignore
    arg [macos] ==> ignore
    arg [10.15.6] ==> ignore
    arg [10.15.6] ==> ignore
    arg [-syslibroot] ==> ignore
    arg [/Applications/xcode12.0.1/Xcode.app/Contents/Developer/Platforms/MacOSX.platform/Developer/SDKs/MacOSX10.15.sdk] ==> ignore
    arg [-o] ==> ignore
    arg [cmTC_bce2e] ==> ignore
    arg [-search_paths_first] ==> ignore
    arg [-headerpad_max_install_names] ==> ignore
    arg [-v] ==> ignore
    arg [CMakeFiles/cmTC_bce2e.dir/CMakeCCompilerABI.c.o] ==> ignore
    arg [-lSystem] ==> lib [System]
    arg [/Applications/xcode12.0.1/Xcode.app/Contents/Developer/Toolchains/XcodeDefault.xctoolchain/usr/lib/clang/12.0.0/lib/darwin/libclang_rt.osx.a] ==> lib [/Applications/xcode12.0.1/Xcode.app/Contents/Developer/Toolchains/XcodeDefault.xctoolchain/usr/lib/clang/12.0.0/lib/darwin/libclang_rt.osx.a]
  Library search paths: [;/Applications/xcode12.0.1/Xcode.app/Contents/Developer/Platforms/MacOSX.platform/Developer/SDKs/MacOSX10.15.sdk/usr/lib]
  Framework search paths: [;/Applications/xcode12.0.1/Xcode.app/Contents/Developer/Platforms/MacOSX.platform/Developer/SDKs/MacOSX10.15.sdk/System/Library/Frameworks/]
  remove lib [System]
  remove lib [/Applications/xcode12.0.1/Xcode.app/Contents/Developer/Toolchains/XcodeDefault.xctoolchain/usr/lib/clang/12.0.0/lib/darwin/libclang_rt.osx.a]
  collapse library dir [/Applications/xcode12.0.1/Xcode.app/Contents/Developer/Platforms/MacOSX.platform/Developer/SDKs/MacOSX10.15.sdk/usr/lib] ==> [/Applications/xcode12.0.1/Xcode.app/Contents/Developer/Platforms/MacOSX.platform/Developer/SDKs/MacOSX10.15.sdk/usr/lib]
  collapse framework dir [/Applications/xcode12.0.1/Xcode.app/Contents/Developer/Platforms/MacOSX.platform/Developer/SDKs/MacOSX10.15.sdk/System/Library/Frameworks/] ==> [/Applications/xcode12.0.1/Xcode.app/Contents/Developer/Platforms/MacOSX.platform/Developer/SDKs/MacOSX10.15.sdk/System/Library/Frameworks]
  implicit libs: []
  implicit dirs: [/Applications/xcode12.0.1/Xcode.app/Contents/Developer/Platforms/MacOSX.platform/Developer/SDKs/MacOSX10.15.sdk/usr/lib]
  implicit fwks: [/Applications/xcode12.0.1/Xcode.app/Contents/Developer/Platforms/MacOSX.platform/Developer/SDKs/MacOSX10.15.sdk/System/Library/Frameworks]


Determining if the CXX compiler works passed with the following output:
Change Dir: /Users/wushun/Desktop/kcp/kcpClient/CMakeFiles/CMakeTmp

Run Build Command(s):/usr/bin/make cmTC_087ed/fast && /Applications/xcode12.0.1/Xcode.app/Contents/Developer/usr/bin/make -f CMakeFiles/cmTC_087ed.dir/build.make CMakeFiles/cmTC_087ed.dir/build
Building CXX object CMakeFiles/cmTC_087ed.dir/testCXXCompiler.cxx.o
/Applications/xcode12.0.1/Xcode.app/Contents/Developer/Toolchains/XcodeDefault.xctoolchain/usr/bin/c++    -isysroot /Applications/xcode12.0.1/Xcode.app/Contents/Developer/Platforms/MacOSX.platform/Developer/SDKs/MacOSX10.15.sdk   -o CMakeFiles/cmTC_087ed.dir/testCXXCompiler.cxx.o -c /Users/wushun/Desktop/kcp/kcpClient/CMakeFiles/CMakeTmp/testCXXCompiler.cxx
Linking CXX executable cmTC_087ed
/usr/local/Cellar/cmake/3.16.4/bin/cmake -E cmake_link_script CMakeFiles/cmTC_087ed.dir/link.txt --verbose=1
/Applications/xcode12.0.1/Xcode.app/Contents/Developer/Toolchains/XcodeDefault.xctoolchain/usr/bin/c++    -isysroot /Applications/xcode12.0.1/Xcode.app/Contents/Developer/Platforms/MacOSX.platform/Developer/SDKs/MacOSX10.15.sdk -Wl,-search_paths_first -Wl,-headerpad_max_install_names   CMakeFiles/cmTC_087ed.dir/testCXXCompiler.cxx.o  -o cmTC_087ed 



Detecting CXX compiler ABI info compiled with the following output:
Change Dir: /Users/wushun/Desktop/kcp/kcpClient/CMakeFiles/CMakeTmp

Run Build Command(s):/usr/bin/make cmTC_c18c3/fast && /Applications/xcode12.0.1/Xcode.app/Contents/Developer/usr/bin/make -f CMakeFiles/cmTC_c18c3.dir/build.make CMakeFiles/cmTC_c18c3.dir/build
Building CXX object CMakeFiles/cmTC_c18c3.dir/CMakeCXXCompilerABI.cpp.o
/Applications/xcode12.0.1/Xcode.app/Contents/Developer/Toolchains/XcodeDefault.xctoolchain/usr/bin/c++    -isysroot /Applications/xcode12.0.1/Xcode.app/Contents/Developer/Platforms/MacOSX.platform/Developer/SDKs/MacOSX10.15.sdk   -v -Wl,-v -o CMakeFiles/cmTC_c18c3.dir/CMakeCXXCompilerABI.cpp.o -c /usr/local/Cellar/cmake/3.16.4/share/cmake/Modules/CMakeCXXCompilerABI.cpp
Apple clang version 12.0.0 (clang-1200.0.32.2)
Target: x86_64-apple-darwin20.4.0
Thread model: posix
InstalledDir: /Applications/xcode12.0.1/Xcode.app/Contents/Developer/Toolchains/XcodeDefault.xctoolchain/usr/bin
clang: warning: -Wl,-v: 'linker' input unused [-Wunused-command-line-argument]
ignoring nonexistent directory "/Applications/xcode12.0.1/Xcode.app/Contents/Developer/Platforms/MacOSX.platform/Developer/SDKs/MacOSX10.15.sdk/usr/include/c++/v1"
 "/Applications/xcode12.0.1/Xcode.app/Contents/Developer/Toolchains/XcodeDefault.xctoolchain/usr/bin/clang" -cc1 -triple x86_64-apple-macosx10.15.6 -Wdeprecated-objc-isa-usage -Werror=deprecated-objc-isa-usage -Werror=implicit-function-declaration -emit-obj -mrelax-all -disable-free -disable-llvm-verifier -discard-value-names -main-file-name CMakeCXXCompilerABI.cpp -mrelocation-model pic -pic-level 2 -mthread-model posix -mframe-pointer=all -fno-strict-return -masm-verbose -munwind-tables -target-sdk-version=10.15.6 -fcompatibility-qualified-id-block-type-checking -target-cpu penryn -dwarf-column-info -debugger-tuning=lldb -target-linker-version 609 -v -resource-dir /Applications/xcode12.0.1/Xcode.app/Contents/Developer/Toolchains/XcodeDefault.xctoolchain/usr/lib/clang/12.0.0 -isysroot /Applications/xcode12.0.1/Xcode.app/Contents/Developer/Platforms/MacOSX.platform/Developer/SDKs/MacOSX10.15.sdk -stdlib=libc++ -internal-isystem /Applications/xcode12.0.1/Xcode.app/Contents/Developer/Toolchains/XcodeDefault.xctoolchain/usr/bin/../include/c++/v1 -internal-isystem /Applications/xcode12.0.1/Xcode.app/Contents/Developer/Platforms/MacOSX.platform/Developer/SDKs/MacOSX10.15.sdk/usr/local/include -internal-isystem /Applications/xcode12.0.1/Xcode.app/Contents/Developer/Toolchains/XcodeDefault.xctoolchain/usr/lib/clang/12.0.0/include -internal-externc-isystem /Applications/xcode12.0.1/Xcode.app/Contents/Developer/Platforms/MacOSX.platform/Developer/SDKs/MacOSX10.15.sdk/usr/include -internal-externc-isystem /Applications/xcode12.0.1/Xcode.app/Contents/Developer/Toolchains/XcodeDefault.xctoolchain/usr/include -Wno-reorder-init-list -Wno-implicit-int-float-conversion -Wno-c99-designator -Wno-final-dtor-non-final-class -Wno-extra-semi-stmt -Wno-misleading-indentation -Wno-quoted-include-in-framework-header -Wno-implicit-fallthrough -Wno-enum-enum-conversion -Wno-enum-float-conversion -fdeprecated-macro -fdebug-compilation-dir /Users/wushun/Desktop/kcp/kcpClient/CMakeFiles/CMakeTmp -ferror-limit 19 -fmessage-length 0 -stack-protector 1 -fstack-check -mdarwin-stkchk-strong-link -fblocks -fencode-extended-block-signature -fregister-global-dtors-with-atexit -fgnuc-version=4.2.1 -fobjc-runtime=macosx-10.15.6 -fcxx-exceptions -fexceptions -fmax-type-align=16 -fdiagnostics-show-option -o CMakeFiles/cmTC_c18c3.dir/CMakeCXXCompilerABI.cpp.o -x c++ /usr/local/Cellar/cmake/3.16.4/share/cmake/Modules/CMakeCXXCompilerABI.cpp
clang -cc1 version 12.0.0 (clang-1200.0.32.2) default target x86_64-apple-darwin20.4.0
ignoring nonexistent directory "/Applications/xcode12.0.1/Xcode.app/Contents/Developer/Platforms/MacOSX.platform/Developer/SDKs/MacOSX10.15.sdk/usr/local/include"
ignoring nonexistent directory "/Applications/xcode12.0.1/Xcode.app/Contents/Developer/Platforms/MacOSX.platform/Developer/SDKs/MacOSX10.15.sdk/Library/Frameworks"
#include "..." search starts here:
#include <...> search starts here:
 /Applications/xcode12.0.1/Xcode.app/Contents/Developer/Toolchains/XcodeDefault.xctoolchain/usr/bin/../include/c++/v1
 /Applications/xcode12.0.1/Xcode.app/Contents/Developer/Toolchains/XcodeDefault.xctoolchain/usr/lib/clang/12.0.0/include
 /Applications/xcode12.0.1/Xcode.app/Contents/Developer/Platforms/MacOSX.platform/Developer/SDKs/MacOSX10.15.sdk/usr/include
 /Applications/xcode12.0.1/Xcode.app/Contents/Developer/Toolchains/XcodeDefault.xctoolchain/usr/include
 /Applications/xcode12.0.1/Xcode.app/Contents/Developer/Platforms/MacOSX.platform/Developer/SDKs/MacOSX10.15.sdk/System/Library/Frameworks (framework directory)
End of search list.
Linking CXX executable cmTC_c18c3
/usr/local/Cellar/cmake/3.16.4/bin/cmake -E cmake_link_script CMakeFiles/cmTC_c18c3.dir/link.txt --verbose=1
/Applications/xcode12.0.1/Xcode.app/Contents/Developer/Toolchains/XcodeDefault.xctoolchain/usr/bin/c++    -isysroot /Applications/xcode12.0.1/Xcode.app/Contents/Developer/Platforms/MacOSX.platform/Developer/SDKs/MacOSX10.15.sdk -Wl,-search_paths_first -Wl,-headerpad_max_install_names  -v -Wl,-v CMakeFiles/cmTC_c18c3.dir/CMakeCXXCompilerABI.cpp.o  -o cmTC_c18c3 
Apple clang version 12.0.0 (clang-1200.0.32.2)
Target: x86_64-apple-darwin20.4.0
Thread model: posix
InstalledDir: /Applications/xcode12.0.1/Xcode.app/Contents/Developer/Toolchains/XcodeDefault.xctoolchain/usr/bin
 "/Applications/xcode12.0.1/Xcode.app/Contents/Developer/Toolchains/XcodeDefault.xctoolchain/usr/bin/ld" -demangle -lto_library /Applications/xcode12.0.1/Xcode.app/Contents/Developer/Toolchains/XcodeDefault.xctoolchain/usr/lib/libLTO.dylib -dynamic -arch x86_64 -platform_version macos 10.15.6 10.15.6 -syslibroot /Applications/xcode12.0.1/Xcode.app/Contents/Developer/Platforms/MacOSX.platform/Developer/SDKs/MacOSX10.15.sdk -o cmTC_c18c3 -search_paths_first -headerpad_max_install_names -v CMakeFiles/cmTC_c18c3.dir/CMakeCXXCompilerABI.cpp.o -lc++ -lSystem /Applications/xcode12.0.1/Xcode.app/Contents/Developer/Toolchains/XcodeDefault.xctoolchain/usr/lib/clang/12.0.0/lib/darwin/libclang_rt.osx.a
@(#)PROGRAM:ld  PROJECT:ld64-609
BUILD 07:59:13 Aug 25 2020
configured to support archs: armv6 armv7 armv7s arm64 arm64e arm64_32 i386 x86_64 x86_64h armv6m armv7k armv7m armv7em
Library search paths:
	/Applications/xcode12.0.1/Xcode.app/Contents/Developer/Platforms/MacOSX.platform/Developer/SDKs/MacOSX10.15.sdk/usr/lib
Framework search paths:
	/Applications/xcode12.0.1/Xcode.app/Contents/Developer/Platforms/MacOSX.platform/Developer/SDKs/MacOSX10.15.sdk/System/Library/Frameworks/



Parsed CXX implicit include dir info from above output: rv=done
  found start of include info
  found start of implicit include info
    add: [/Applications/xcode12.0.1/Xcode.app/Contents/Developer/Toolchains/XcodeDefault.xctoolchain/usr/bin/../include/c++/v1]
    add: [/Applications/xcode12.0.1/Xcode.app/Contents/Developer/Toolchains/XcodeDefault.xctoolchain/usr/lib/clang/12.0.0/include]
    add: [/Applications/xcode12.0.1/Xcode.app/Contents/Developer/Platforms/MacOSX.platform/Developer/SDKs/MacOSX10.15.sdk/usr/include]
    add: [/Applications/xcode12.0.1/Xcode.app/Contents/Developer/Toolchains/XcodeDefault.xctoolchain/usr/include]
  end of search list found
  collapse include dir [/Applications/xcode12.0.1/Xcode.app/Contents/Developer/Toolchains/XcodeDefault.xctoolchain/usr/bin/../include/c++/v1] ==> [/Applications/xcode12.0.1/Xcode.app/Contents/Developer/Toolchains/XcodeDefault.xctoolchain/usr/include/c++/v1]
  collapse include dir [/Applications/xcode12.0.1/Xcode.app/Contents/Developer/Toolchains/XcodeDefault.xctoolchain/usr/lib/clang/12.0.0/include] ==> [/Applications/xcode12.0.1/Xcode.app/Contents/Developer/Toolchains/XcodeDefault.xctoolchain/usr/lib/clang/12.0.0/include]
  collapse include dir [/Applications/xcode12.0.1/Xcode.app/Contents/Developer/Platforms/MacOSX.platform/Developer/SDKs/MacOSX10.15.sdk/usr/include] ==> [/Applications/xcode12.0.1/Xcode.app/Contents/Developer/Platforms/MacOSX.platform/Developer/SDKs/MacOSX10.15.sdk/usr/include]
  collapse include dir [/Applications/xcode12.0.1/Xcode.app/Contents/Developer/Toolchains/XcodeDefault.xctoolchain/usr/include] ==> [/Applications/xcode12.0.1/Xcode.app/Contents/Developer/Toolchains/XcodeDefault.xctoolchain/usr/include]
  implicit include dirs: [/Applications/xcode12.0.1/Xcode.app/Contents/Developer/Toolchains/XcodeDefault.xctoolchain/usr/include/c++/v1;/Applications/xcode12.0.1/Xcode.app/Contents/Developer/Toolchains/XcodeDefault.xctoolchain/usr/lib/clang/12.0.0/include;/Applications/xcode12.0.1/Xcode.app/Contents/Developer/Platforms/MacOSX.platform/Developer/SDKs/MacOSX10.15.sdk/usr/include;/Applications/xcode12.0.1/Xcode.app/Contents/Developer/Toolchains/XcodeDefault.xctoolchain/usr/include]


Parsed CXX implicit link information from above output:
  link line regex: [^( *|.*[/\])(ld|CMAKE_LINK_STARTFILE-NOTFOUND|([^/\]+-)?ld|collect2)[^/\]*( |$)]
  ignore line: [Change Dir: /Users/wushun/Desktop/kcp/kcpClient/CMakeFiles/CMakeTmp]
  ignore line: []
  ignore line: [Run Build Command(s):/usr/bin/make cmTC_c18c3/fast && /Applications/xcode12.0.1/Xcode.app/Contents/Developer/usr/bin/make -f CMakeFiles/cmTC_c18c3.dir/build.make CMakeFiles/cmTC_c18c3.dir/build]
  ignore line: [Building CXX object CMakeFiles/cmTC_c18c3.dir/CMakeCXXCompilerABI.cpp.o]
  ignore line: [/Applications/xcode12.0.1/Xcode.app/Contents/Developer/Toolchains/XcodeDefault.xctoolchain/usr/bin/c++    -isysroot /Applications/xcode12.0.1/Xcode.app/Contents/Developer/Platforms/MacOSX.platform/Developer/SDKs/MacOSX10.15.sdk   -v -Wl -v -o CMakeFiles/cmTC_c18c3.dir/CMakeCXXCompilerABI.cpp.o -c /usr/local/Cellar/cmake/3.16.4/share/cmake/Modules/CMakeCXXCompilerABI.cpp]
  ignore line: [Apple clang version 12.0.0 (clang-1200.0.32.2)]
  ignore line: [Target: x86_64-apple-darwin20.4.0]
  ignore line: [Thread model: posix]
  ignore line: [InstalledDir: /Applications/xcode12.0.1/Xcode.app/Contents/Developer/Toolchains/XcodeDefault.xctoolchain/usr/bin]
  ignore line: [clang: warning: -Wl -v: 'linker' input unused [-Wunused-command-line-argument]]
  ignore line: [ignoring nonexistent directory "/Applications/xcode12.0.1/Xcode.app/Contents/Developer/Platforms/MacOSX.platform/Developer/SDKs/MacOSX10.15.sdk/usr/include/c++/v1"]
  ignore line: [ "/Applications/xcode12.0.1/Xcode.app/Contents/Developer/Toolchains/XcodeDefault.xctoolchain/usr/bin/clang" -cc1 -triple x86_64-apple-macosx10.15.6 -Wdeprecated-objc-isa-usage -Werror=deprecated-objc-isa-usage -Werror=implicit-function-declaration -emit-obj -mrelax-all -disable-free -disable-llvm-verifier -discard-value-names -main-file-name CMakeCXXCompilerABI.cpp -mrelocation-model pic -pic-level 2 -mthread-model posix -mframe-pointer=all -fno-strict-return -masm-verbose -munwind-tables -target-sdk-version=10.15.6 -fcompatibility-qualified-id-block-type-checking -target-cpu penryn -dwarf-column-info -debugger-tuning=lldb -target-linker-version 609 -v -resource-dir /Applications/xcode12.0.1/Xcode.app/Contents/Developer/Toolchains/XcodeDefault.xctoolchain/usr/lib/clang/12.0.0 -isysroot /Applications/xcode12.0.1/Xcode.app/Contents/Developer/Platforms/MacOSX.platform/Developer/SDKs/MacOSX10.15.sdk -stdlib=libc++ -internal-isystem /Applications/xcode12.0.1/Xcode.app/Contents/Developer/Toolchains/XcodeDefault.xctoolchain/usr/bin/../include/c++/v1 -internal-isystem /Applications/xcode12.0.1/Xcode.app/Contents/Developer/Platforms/MacOSX.platform/Developer/SDKs/MacOSX10.15.sdk/usr/local/include -internal-isystem /Applications/xcode12.0.1/Xcode.app/Contents/Developer/Toolchains/XcodeDefault.xctoolchain/usr/lib/clang/12.0.0/include -internal-externc-isystem /Applications/xcode12.0.1/Xcode.app/Contents/Developer/Platforms/MacOSX.platform/Developer/SDKs/MacOSX10.15.sdk/usr/include -internal-externc-isystem /Applications/xcode12.0.1/Xcode.app/Contents/Developer/Toolchains/XcodeDefault.xctoolchain/usr/include -Wno-reorder-init-list -Wno-implicit-int-float-conversion -Wno-c99-designator -Wno-final-dtor-non-final-class -Wno-extra-semi-stmt -Wno-misleading-indentation -Wno-quoted-include-in-framework-header -Wno-implicit-fallthrough -Wno-enum-enum-conversion -Wno-enum-float-conversion -fdeprecated-macro -fdebug-compilation-dir /Users/wushun/Desktop/kcp/kcpClient/CMakeFiles/CMakeTmp -ferror-limit 19 -fmessage-length 0 -stack-protector 1 -fstack-check -mdarwin-stkchk-strong-link -fblocks -fencode-extended-block-signature -fregister-global-dtors-with-atexit -fgnuc-version=4.2.1 -fobjc-runtime=macosx-10.15.6 -fcxx-exceptions -fexceptions -fmax-type-align=16 -fdiagnostics-show-option -o CMakeFiles/cmTC_c18c3.dir/CMakeCXXCompilerABI.cpp.o -x c++ /usr/local/Cellar/cmake/3.16.4/share/cmake/Modules/CMakeCXXCompilerABI.cpp]
  ignore line: [clang -cc1 version 12.0.0 (clang-1200.0.32.2) default target x86_64-apple-darwin20.4.0]
  ignore line: [ignoring nonexistent directory "/Applications/xcode12.0.1/Xcode.app/Contents/Developer/Platforms/MacOSX.platform/Developer/SDKs/MacOSX10.15.sdk/usr/local/include"]
  ignore line: [ignoring nonexistent directory "/Applications/xcode12.0.1/Xcode.app/Contents/Developer/Platforms/MacOSX.platform/Developer/SDKs/MacOSX10.15.sdk/Library/Frameworks"]
  ignore line: [#include "..." search starts here:]
  ignore line: [#include <...> search starts here:]
  ignore line: [ /Applications/xcode12.0.1/Xcode.app/Contents/Developer/Toolchains/XcodeDefault.xctoolchain/usr/bin/../include/c++/v1]
  ignore line: [ /Applications/xcode12.0.1/Xcode.app/Contents/Developer/Toolchains/XcodeDefault.xctoolchain/usr/lib/clang/12.0.0/include]
  ignore line: [ /Applications/xcode12.0.1/Xcode.app/Contents/Developer/Platforms/MacOSX.platform/Developer/SDKs/MacOSX10.15.sdk/usr/include]
  ignore line: [ /Applications/xcode12.0.1/Xcode.app/Contents/Developer/Toolchains/XcodeDefault.xctoolchain/usr/include]
  ignore line: [ /Applications/xcode12.0.1/Xcode.app/Contents/Developer/Platforms/MacOSX.platform/Developer/SDKs/MacOSX10.15.sdk/System/Library/Frameworks (framework directory)]
  ignore line: [End of search list.]
  ignore line: [Linking CXX executable cmTC_c18c3]
  ignore line: [/usr/local/Cellar/cmake/3.16.4/bin/cmake -E cmake_link_script CMakeFiles/cmTC_c18c3.dir/link.txt --verbose=1]
  ignore line: [/Applications/xcode12.0.1/Xcode.app/Contents/Developer/Toolchains/XcodeDefault.xctoolchain/usr/bin/c++    -isysroot /Applications/xcode12.0.1/Xcode.app/Contents/Developer/Platforms/MacOSX.platform/Developer/SDKs/MacOSX10.15.sdk -Wl -search_paths_first -Wl -headerpad_max_install_names  -v -Wl -v CMakeFiles/cmTC_c18c3.dir/CMakeCXXCompilerABI.cpp.o  -o cmTC_c18c3 ]
  ignore line: [Apple clang version 12.0.0 (clang-1200.0.32.2)]
  ignore line: [Target: x86_64-apple-darwin20.4.0]
  ignore line: [Thread model: posix]
  ignore line: [InstalledDir: /Applications/xcode12.0.1/Xcode.app/Contents/Developer/Toolchains/XcodeDefault.xctoolchain/usr/bin]
  link line: [ "/Applications/xcode12.0.1/Xcode.app/Contents/Developer/Toolchains/XcodeDefault.xctoolchain/usr/bin/ld" -demangle -lto_library /Applications/xcode12.0.1/Xcode.app/Contents/Developer/Toolchains/XcodeDefault.xctoolchain/usr/lib/libLTO.dylib -dynamic -arch x86_64 -platform_version macos 10.15.6 10.15.6 -syslibroot /Applications/xcode12.0.1/Xcode.app/Contents/Developer/Platforms/MacOSX.platform/Developer/SDKs/MacOSX10.15.sdk -o cmTC_c18c3 -search_paths_first -headerpad_max_install_names -v CMakeFiles/cmTC_c18c3.dir/CMakeCXXCompilerABI.cpp.o -lc++ -lSystem /Applications/xcode12.0.1/Xcode.app/Contents/Developer/Toolchains/XcodeDefault.xctoolchain/usr/lib/clang/12.0.0/lib/darwin/libclang_rt.osx.a]
    arg [/Applications/xcode12.0.1/Xcode.app/Contents/Developer/Toolchains/XcodeDefault.xctoolchain/usr/bin/ld] ==> ignore
    arg [-demangle] ==> ignore
    arg [-lto_library] ==> ignore, skip following value
    arg [/Applications/xcode12.0.1/Xcode.app/Contents/Developer/Toolchains/XcodeDefault.xctoolchain/usr/lib/libLTO.dylib] ==> skip value of -lto_library
    arg [-dynamic] ==> ignore
    arg [-arch] ==> ignore
    arg [x86_64] ==> ignore
    arg [-platform_version] ==> ignore
    arg [macos] ==> ignore
    arg [10.15.6] ==> ignore
    arg [10.15.6] ==> ignore
    arg [-syslibroot] ==> ignore
    arg [/Applications/xcode12.0.1/Xcode.app/Contents/Developer/Platforms/MacOSX.platform/Developer/SDKs/MacOSX10.15.sdk] ==> ignore
    arg [-o] ==> ignore
    arg [cmTC_c18c3] ==> ignore
    arg [-search_paths_first] ==> ignore
    arg [-headerpad_max_install_names] ==> ignore
    arg [-v] ==> ignore
    arg [CMakeFiles/cmTC_c18c3.dir/CMakeCXXCompilerABI.cpp.o] ==> ignore
    arg [-lc++] ==> lib [c++]
    arg [-lSystem] ==> lib [System]
    arg [/Applications/xcode12.0.1/Xcode.app/Contents/Developer/Toolchains/XcodeDefault.xctoolchain/usr/lib/clang/12.0.0/lib/darwin/libclang_rt.osx.a] ==> lib [/Applications/xcode12.0.1/Xcode.app/Contents/Developer/Toolchains/XcodeDefault.xctoolchain/usr/lib/clang/12.0.0/lib/darwin/libclang_rt.osx.a]
  Library search paths: [;/Applications/xcode12.0.1/Xcode.app/Contents/Developer/Platforms/MacOSX.platform/Developer/SDKs/MacOSX10.15.sdk/usr/lib]
  Framework search paths: [;/Applications/xcode12.0.1/Xcode.app/Contents/Developer/Platforms/MacOSX.platform/Developer/SDKs/MacOSX10.15.sdk/System/Library/Frameworks/]
  remove lib [System]
  remove lib [/Applications/xcode12.0.1/Xcode.app/Contents/Developer/Toolchains/XcodeDefault.xctoolchain/usr/lib/clang/12.0.0/lib/darwin/libclang_rt.osx.a]
  collapse library dir [/Applications/xcode12.0.1/Xcode.app/Contents/Developer/Platforms/MacOSX.platform/Developer/SDKs/MacOSX10.15.sdk/usr/lib] ==> [/Applications/xcode12.0.1/Xcode.app/Contents/Developer/Platforms/MacOSX.platform/Developer/SDKs/MacOSX10.15.sdk/usr/lib]
  collapse framework dir [/Applications/xcode12.0.1/Xcode.app/Contents/Developer/Platforms/MacOSX.platform/Developer/SDKs/MacOSX10.15.sdk/System/Library/Frameworks/] ==> [/Applications/xcode12.0.1/Xcode.app/Contents/Developer/Platforms/MacOSX.platform/Developer/SDKs/MacOSX10.15.sdk/System/Library/Frameworks]
  implicit libs: [c++]
  implicit dirs: [/Applications/xcode12.0.1/Xcode.app/Contents/Developer/Platforms/MacOSX.platform/Developer/SDKs/MacOSX10.15.sdk/usr/lib]
  implicit fwks: [/Applications/xcode12.0.1/Xcode.app/Contents/Developer/Platforms/MacOSX.platform/Developer/SDKs/MacOSX10.15.sdk/System/Library/Frameworks]


The system is: Darwin - 20.4.0 - x86_64
Compiling the C compiler identification source file "CMakeCCompilerId.c" succeeded.
Compiler: /Applications/xcode12.0.1/Xcode.app/Contents/Developer/Toolchains/XcodeDefault.xctoolchain/usr/bin/cc 
Build flags: 
Id flags: -c 

The output was:
0


Compilation of the C compiler identification source "CMakeCCompilerId.c" produced "CMakeCCompilerId.o"

The C compiler identification is AppleClang, found in "/Users/wushun/Desktop/mySrs/srs/Other/myKcp/kcp/kcpClient/CMakeFiles/3.16.4/CompilerIdC/CMakeCCompilerId.o"

Compiling the CXX compiler identification source file "CMakeCXXCompilerId.cpp" succeeded.
Compiler: /Applications/xcode12.0.1/Xcode.app/Contents/Developer/Toolchains/XcodeDefault.xctoolchain/usr/bin/c++ 
Build flags: 
Id flags: -c 

The output was:
0


Compilation of the CXX compiler identification source "CMakeCXXCompilerId.cpp" produced "CMakeCXXCompilerId.o"

The CXX compiler identification is AppleClang, found in "/Users/wushun/Desktop/mySrs/srs/Other/myKcp/kcp/kcpClient/CMakeFiles/3.16.4/CompilerIdCXX/CMakeCXXCompilerId.o"

Determining if the C compiler works passed with the following output:
Change Dir: /Users/wushun/Desktop/mySrs/srs/Other/myKcp/kcp/kcpClient/CMakeFiles/CMakeTmp

Run Build Command(s):/usr/bin/make cmTC_81e28/fast && /Applications/xcode12.0.1/Xcode.app/Contents/Developer/usr/bin/make -f CMakeFiles/cmTC_81e28.dir/build.make CMakeFiles/cmTC_81e28.dir/build
Building C object CMakeFiles/cmTC_81e28.dir/testCCompiler.c.o
/Applications/xcode12.0.1/Xcode.app/Contents/Developer/Toolchains/XcodeDefault.xctoolchain/usr/bin/cc   -isysroot /Applications/xcode12.0.1/Xcode.app/Contents/Developer/Platforms/MacOSX.platform/Developer/SDKs/MacOSX10.15.sdk   -o CMakeFiles/cmTC_81e28.dir/testCCompiler.c.o   -c /Users/wushun/Desktop/mySrs/srs/Other/myKcp/kcp/kcpClient/CMakeFiles/CMakeTmp/testCCompiler.c
Linking C executable cmTC_81e28
/usr/local/Cellar/cmake/3.16.4/bin/cmake -E cmake_link_script CMakeFiles/cmTC_81e28.dir/link.txt --verbose=1
/Applications/xcode12.0.1/Xcode.app/Contents/Developer/Toolchains/XcodeDefault.xctoolchain/usr/bin/cc   -isysroot /Applications/xcode12.0.1/Xcode.app/Contents/Developer/Platforms/MacOSX.platform/Developer/SDKs/MacOSX10.15.sdk -Wl,-search_paths_first -Wl,-headerpad_max_install_names   CMakeFiles/cmTC_81e28.dir/testCCompiler.c.o  -o cmTC_81e28 



Detecting C compiler ABI info compiled with the following output:
Change Dir: /Users/wushun/Desktop/mySrs/srs/Other/myKcp/kcp/kcpClient/CMakeFiles/CMakeTmp

Run Build Command(s):/usr/bin/make cmTC_a3e1d/fast && /Applications/xcode12.0.1/Xcode.app/Contents/Developer/usr/bin/make -f CMakeFiles/cmTC_a3e1d.dir/build.make CMakeFiles/cmTC_a3e1d.dir/build
Building C object CMakeFiles/cmTC_a3e1d.dir/CMakeCCompilerABI.c.o
/Applications/xcode12.0.1/Xcode.app/Contents/Developer/Toolchains/XcodeDefault.xctoolchain/usr/bin/cc   -isysroot /Applications/xcode12.0.1/Xcode.app/Contents/Developer/Platforms/MacOSX.platform/Developer/SDKs/MacOSX10.15.sdk   -v -Wl,-v -o CMakeFiles/cmTC_a3e1d.dir/CMakeCCompilerABI.c.o   -c /usr/local/Cellar/cmake/3.16.4/share/cmake/Modules/CMakeCCompilerABI.c
Apple clang version 12.0.0 (clang-1200.0.32.2)
Target: x86_64-apple-darwin20.4.0
Thread model: posix
InstalledDir: /Applications/xcode12.0.1/Xcode.app/Contents/Developer/Toolchains/XcodeDefault.xctoolchain/usr/bin
clang: warning: -Wl,-v: 'linker' input unused [-Wunused-command-line-argument]
 "/Applications/xcode12.0.1/Xcode.app/Contents/Developer/Toolchains/XcodeDefault.xctoolchain/usr/bin/clang" -cc1 -triple x86_64-apple-macosx10.15.6 -Wdeprecated-objc-isa-usage -Werror=deprecated-objc-isa-usage -Werror=implicit-function-declaration -emit-obj -mrelax-all -disable-free -disable-llvm-verifier -discard-value-names -main-file-name CMakeCCompilerABI.c -mrelocation-model pic -pic-level 2 -mthread-model posix -mframe-pointer=all -fno-strict-return -masm-verbose -munwind-tables -target-sdk-version=10.15.6 -fcompatibility-qualified-id-block-type-checking -target-cpu penryn -dwarf-column-info -debugger-tuning=lldb -target-linker-version 609 -v -resource-dir /Applications/xcode12.0.1/Xcode.app/Contents/Developer/Toolchains/XcodeDefault.xctoolchain/usr/lib/clang/12.0.0 -isysroot /Applications/xcode12.0.1/Xcode.app/Contents/Developer/Platforms/MacOSX.platform/Developer/SDKs/MacOSX10.15.sdk -internal-isystem /Applications/xcode12.0.1/Xcode.app/Contents/Developer/Platforms/MacOSX.platform/Developer/SDKs/MacOSX10.15.sdk/usr/local/include -internal-isystem /Applications/xcode12.0.1/Xcode.app/Contents/Developer/Toolchains/XcodeDefault.xctoolchain/usr/lib/clang/12.0.0/include -internal-externc-isystem /Applications/xcode12.0.1/Xcode.app/Contents/Developer/Platforms/MacOSX.platform/Developer/SDKs/MacOSX10.15.sdk/usr/include -internal-externc-isystem /Applications/xcode12.0.1/Xcode.app/Contents/Developer/Toolchains/XcodeDefault.xctoolchain/usr/include -Wno-reorder-init-list -Wno-implicit-int-float-conversion -Wno-c99-designator -Wno-final-dtor-non-final-class -Wno-extra-semi-stmt -Wno-misleading-indentation -Wno-quoted-include-in-framework-header -Wno-implicit-fallthrough -Wno-enum-enum-conversion -Wno-enum-float-conversion -fdebug-compilation-dir /Users/wushun/Desktop/mySrs/srs/Other/myKcp/kcp/kcpClient/CMakeFiles/CMakeTmp -ferror-limit 19 -fmessage-length 0 -stack-protector 1 -fstack-check -mdarwin-stkchk-strong-link -fblocks -fencode-extended-block-signature -fregister-global-dtors-with-atexit -fgnuc-version=4.2.1 -fobjc-runtime=macosx-10.15.6 -fmax-type-align=16 -fdiagnostics-show-option -o CMakeFiles/cmTC_a3e1d.dir/CMakeCCompilerABI.c.o -x c /usr/local/Cellar/cmake/3.16.4/share/cmake/Modules/CMakeCCompilerABI.c
clang -cc1 version 12.0.0 (clang-1200.0.32.2) default target x86_64-apple-darwin20.4.0
ignoring nonexistent directory "/Applications/xcode12.0.1/Xcode.app/Contents/Developer/Platforms/MacOSX.platform/Developer/SDKs/MacOSX10.15.sdk/usr/local/include"
ignoring nonexistent directory "/Applications/xcode12.0.1/Xcode.app/Contents/Developer/Platforms/MacOSX.platform/Developer/SDKs/MacOSX10.15.sdk/Library/Frameworks"
#include "..." search starts here:
#include <...> search starts here:
 /Applications/xcode12.0.1/Xcode.app/Contents/Developer/Toolchains/XcodeDefault.xctoolchain/usr/lib/clang/12.0.0/include
 /Applications/xcode12.0.1/Xcode.app/Contents/Developer/Platforms/MacOSX.platform/Developer/SDKs/MacOSX10.15.sdk/usr/include
 /Applications/xcode12.0.1/Xcode.app/Contents/Developer/Toolchains/XcodeDefault.xctoolchain/usr/include
 /Applications/xcode12.0.1/Xcode.app/Contents/Developer/Platforms/MacOSX.platform/Developer/SDKs/MacOSX10.15.sdk/System/Library/Frameworks (framework directory)
End of search list.
Linking C executable cmTC_a3e1d
/usr/local/Cellar/cmake/3.16.4/bin/cmake -E cmake_link_script CMakeFiles/cmTC_a3e1d.dir/link.txt --verbose=1
/Applications/xcode12.0.1/Xcode.app/Contents/Developer/Toolchains/XcodeDefault.xctoolchain/usr/bin/cc   -isysroot /Applications/xcode12.0.1/Xcode.app/Contents/Developer/Platforms/MacOSX.platform/Developer/SDKs/MacOSX10.15.sdk -Wl,-search_paths_first -Wl,-headerpad_max_install_names  -v -Wl,-v CMakeFiles/cmTC_a3e1d.dir/CMakeCCompilerABI.c.o  -o cmTC_a3e1d 
Apple clang version 12.0.0 (clang-1200.0.32.2)
Target: x86_64-apple-darwin20.4.0
Thread model: posix
InstalledDir: /Applications/xcode12.0.1/Xcode.app/Contents/Developer/Toolchains/XcodeDefault.xctoolchain/usr/bin
 "/Applications/xcode12.0.1/Xcode.app/Contents/Developer/Toolchains/XcodeDefault.xctoolchain/usr/bin/ld" -demangle -lto_library /Applications/xcode12.0.1/Xcode.app/Contents/Developer/Toolchains/XcodeDefault.xctoolchain/usr/lib/libLTO.dylib -dynamic -arch x86_64 -platform_version macos 10.15.6 10.15.6 -syslibroot /Applications/xcode12.0.1/Xcode.app/Contents/Developer/Platforms/MacOSX.platform/Developer/SDKs/MacOSX10.15.sdk -o cmTC_a3e1d -search_paths_first -headerpad_max_install_names -v CMakeFiles/cmTC_a3e1d.dir/CMakeCCompilerABI.c.o -lSystem /Applications/xcode12.0.1/Xcode.app/Contents/Developer/Toolchains/XcodeDefault.xctoolchain/usr/lib/clang/12.0.0/lib/darwin/libclang_rt.osx.a
@(#)PROGRAM:ld  PROJECT:ld64-609
BUILD 07:59:13 Aug 25 2020
configured to support archs: armv6 armv7 armv7s arm64 arm64e arm64_32 i386 x86_64 x86_64h armv6m armv7k armv7m armv7em
Library search paths:
	/Applications/xcode12.0.1/Xcode.app/Contents/Developer/Platforms/MacOSX.platform/Developer/SDKs/MacOSX10.15.sdk/usr/lib
Framework search paths:
	/Applications/xcode12.0.1/Xcode.app/Contents/Developer/Platforms/MacOSX.platform/Developer/SDKs/MacOSX10.15.sdk/System/Library/Frameworks/



Parsed C implicit include dir info from above output: rv=done
  found start of include info
  found start of implicit include info
    add: [/Applications/xcode12.0.1/Xcode.app/Contents/Developer/Toolchains/XcodeDefault.xctoolchain/usr/lib/clang/12.0.0/include]
    add: [/Applications/xcode12.0.1/Xcode.app/Contents/Developer/Platforms/MacOSX.platform/Developer/SDKs/MacOSX10.15.sdk/usr/include]
    add: [/Applications/xcode12.0.1/Xcode.app/Contents/Developer/Toolchains/XcodeDefault.xctoolchain/usr/include]
  end of search list found
  collapse include dir [/Applications/xcode12.0.1/Xcode.app/Contents/Developer/Toolchains/XcodeDefault.xctoolchain/usr/lib/clang/12.0.0/include] ==> [/Applications/xcode12.0.1/Xcode.app/Contents/Developer/Toolchains/XcodeDefault.xctoolchain/usr/lib/clang/12.0.0/include]
  collapse include dir [/Applications/xcode12.0.1/Xcode.app/Contents/Developer/Platforms/MacOSX.platform/Developer/SDKs/MacOSX10.15.sdk/usr/include] ==> [/Applications/xcode12.0.1/Xcode.app/Contents/Developer/Platforms/MacOSX.platform/Developer/SDKs/MacOSX10.15.sdk/usr/include]
  collapse include dir [/Applications/xcode12.0.1/Xcode.app/Contents/Developer/Toolchains/XcodeDefault.xctoolchain/usr/include] ==> [/Applications/xcode12.0.1/Xcode.app/Contents/Developer/Toolchains/XcodeDefault.xctoolchain/usr/include]
  implicit include dirs: [/Applications/xcode12.0.1/Xcode.app/Contents/Developer/Toolchains/XcodeDefault.xctoolchain/usr/lib/clang/12.0.0/include;/Applications/xcode12.0.1/Xcode.app/Contents/Developer/Platforms/MacOSX.platform/Developer/SDKs/MacOSX10.15.sdk/usr/include;/Applications/xcode12.0.1/Xcode.app/Contents/Developer/Toolchains/XcodeDefault.xctoolchain/usr/include]


Parsed C implicit link information from above output:
  link line regex: [^( *|.*[/\])(ld|CMAKE_LINK_STARTFILE-NOTFOUND|([^/\]+-)?ld|collect2)[^/\]*( |$)]
  ignore line: [Change Dir: /Users/wushun/Desktop/mySrs/srs/Other/myKcp/kcp/kcpClient/CMakeFiles/CMakeTmp]
  ignore line: []
  ignore line: [Run Build Command(s):/usr/bin/make cmTC_a3e1d/fast && /Applications/xcode12.0.1/Xcode.app/Contents/Developer/usr/bin/make -f CMakeFiles/cmTC_a3e1d.dir/build.make CMakeFiles/cmTC_a3e1d.dir/build]
  ignore line: [Building C object CMakeFiles/cmTC_a3e1d.dir/CMakeCCompilerABI.c.o]
  ignore line: [/Applications/xcode12.0.1/Xcode.app/Contents/Developer/Toolchains/XcodeDefault.xctoolchain/usr/bin/cc   -isysroot /Applications/xcode12.0.1/Xcode.app/Contents/Developer/Platforms/MacOSX.platform/Developer/SDKs/MacOSX10.15.sdk   -v -Wl -v -o CMakeFiles/cmTC_a3e1d.dir/CMakeCCompilerABI.c.o   -c /usr/local/Cellar/cmake/3.16.4/share/cmake/Modules/CMakeCCompilerABI.c]
  ignore line: [Apple clang version 12.0.0 (clang-1200.0.32.2)]
  ignore line: [Target: x86_64-apple-darwin20.4.0]
  ignore line: [Thread model: posix]
  ignore line: [InstalledDir: /Applications/xcode12.0.1/Xcode.app/Contents/Developer/Toolchains/XcodeDefault.xctoolchain/usr/bin]
  ignore line: [clang: warning: -Wl -v: 'linker' input unused [-Wunused-command-line-argument]]
  ignore line: [ "/Applications/xcode12.0.1/Xcode.app/Contents/Developer/Toolchains/XcodeDefault.xctoolchain/usr/bin/clang" -cc1 -triple x86_64-apple-macosx10.15.6 -Wdeprecated-objc-isa-usage -Werror=deprecated-objc-isa-usage -Werror=implicit-function-declaration -emit-obj -mrelax-all -disable-free -disable-llvm-verifier -discard-value-names -main-file-name CMakeCCompilerABI.c -mrelocation-model pic -pic-level 2 -mthread-model posix -mframe-pointer=all -fno-strict-return -masm-verbose -munwind-tables -target-sdk-version=10.15.6 -fcompatibility-qualified-id-block-type-checking -target-cpu penryn -dwarf-column-info -debugger-tuning=lldb -target-linker-version 609 -v -resource-dir /Applications/xcode12.0.1/Xcode.app/Contents/Developer/Toolchains/XcodeDefault.xctoolchain/usr/lib/clang/12.0.0 -isysroot /Applications/xcode12.0.1/Xcode.app/Contents/Developer/Platforms/MacOSX.platform/Developer/SDKs/MacOSX10.15.sdk -internal-isystem /Applications/xcode12.0.1/Xcode.app/Contents/Developer/Platforms/MacOSX.platform/Developer/SDKs/MacOSX10.15.sdk/usr/local/include -internal-isystem /Applications/xcode12.0.1/Xcode.app/Contents/Developer/Toolchains/XcodeDefault.xctoolchain/usr/lib/clang/12.0.0/include -internal-externc-isystem /Applications/xcode12.0.1/Xcode.app/Contents/Developer/Platforms/MacOSX.platform/Developer/SDKs/MacOSX10.15.sdk/usr/include -internal-externc-isystem /Applications/xcode12.0.1/Xcode.app/Contents/Developer/Toolchains/XcodeDefault.xctoolchain/usr/include -Wno-reorder-init-list -Wno-implicit-int-float-conversion -Wno-c99-designator -Wno-final-dtor-non-final-class -Wno-extra-semi-stmt -Wno-misleading-indentation -Wno-quoted-include-in-framework-header -Wno-implicit-fallthrough -Wno-enum-enum-conversion -Wno-enum-float-conversion -fdebug-compilation-dir /Users/wushun/Desktop/mySrs/srs/Other/myKcp/kcp/kcpClient/CMakeFiles/CMakeTmp -ferror-limit 19 -fmessage-length 0 -stack-protector 1 -fstack-check -mdarwin-stkchk-strong-link -fblocks -fencode-extended-block-signature -fregister-global-dtors-with-atexit -fgnuc-version=4.2.1 -fobjc-runtime=macosx-10.15.6 -fmax-type-align=16 -fdiagnostics-show-option -o CMakeFiles/cmTC_a3e1d.dir/CMakeCCompilerABI.c.o -x c /usr/local/Cellar/cmake/3.16.4/share/cmake/Modules/CMakeCCompilerABI.c]
  ignore line: [clang -cc1 version 12.0.0 (clang-1200.0.32.2) default target x86_64-apple-darwin20.4.0]
  ignore line: [ignoring nonexistent directory "/Applications/xcode12.0.1/Xcode.app/Contents/Developer/Platforms/MacOSX.platform/Developer/SDKs/MacOSX10.15.sdk/usr/local/include"]
  ignore line: [ignoring nonexistent directory "/Applications/xcode12.0.1/Xcode.app/Contents/Developer/Platforms/MacOSX.platform/Developer/SDKs/MacOSX10.15.sdk/Library/Frameworks"]
  ignore line: [#include "..." search starts here:]
  ignore line: [#include <...> search starts here:]
  ignore line: [ /Applications/xcode12.0.1/Xcode.app/Contents/Developer/Toolchains/XcodeDefault.xctoolchain/usr/lib/clang/12.0.0/include]
  ignore line: [ /Applications/xcode12.0.1/Xcode.app/Contents/Developer/Platforms/MacOSX.platform/Developer/SDKs/MacOSX10.15.sdk/usr/include]
  ignore line: [ /Applications/xcode12.0.1/Xcode.app/Contents/Developer/Toolchains/XcodeDefault.xctoolchain/usr/include]
  ignore line: [ /Applications/xcode12.0.1/Xcode.app/Contents/Developer/Platforms/MacOSX.platform/Developer/SDKs/MacOSX10.15.sdk/System/Library/Frameworks (framework directory)]
  ignore line: [End of search list.]
  ignore line: [Linking C executable cmTC_a3e1d]
  ignore line: [/usr/local/Cellar/cmake/3.16.4/bin/cmake -E cmake_link_script CMakeFiles/cmTC_a3e1d.dir/link.txt --verbose=1]
  ignore line: [/Applications/xcode12.0.1/Xcode.app/Contents/Developer/Toolchains/XcodeDefault.xctoolchain/usr/bin/cc   -isysroot /Applications/xcode12.0.1/Xcode.app/Contents/Developer/Platforms/MacOSX.platform/Developer/SDKs/MacOSX10.15.sdk -Wl -search_paths_first -Wl -headerpad_max_install_names  -v -Wl -v CMakeFiles/cmTC_a3e1d.dir/CMakeCCompilerABI.c.o  -o cmTC_a3e1d ]
  ignore line: [Apple clang version 12.0.0 (clang-1200.0.32.2)]
  ignore line: [Target: x86_64-apple-darwin20.4.0]
  ignore line: [Thread model: posix]
  ignore line: [InstalledDir: /Applications/xcode12.0.1/Xcode.app/Contents/Developer/Toolchains/XcodeDefault.xctoolchain/usr/bin]
  link line: [ "/Applications/xcode12.0.1/Xcode.app/Contents/Developer/Toolchains/XcodeDefault.xctoolchain/usr/bin/ld" -demangle -lto_library /Applications/xcode12.0.1/Xcode.app/Contents/Developer/Toolchains/XcodeDefault.xctoolchain/usr/lib/libLTO.dylib -dynamic -arch x86_64 -platform_version macos 10.15.6 10.15.6 -syslibroot /Applications/xcode12.0.1/Xcode.app/Contents/Developer/Platforms/MacOSX.platform/Developer/SDKs/MacOSX10.15.sdk -o cmTC_a3e1d -search_paths_first -headerpad_max_install_names -v CMakeFiles/cmTC_a3e1d.dir/CMakeCCompilerABI.c.o -lSystem /Applications/xcode12.0.1/Xcode.app/Contents/Developer/Toolchains/XcodeDefault.xctoolchain/usr/lib/clang/12.0.0/lib/darwin/libclang_rt.osx.a]
    arg [/Applications/xcode12.0.1/Xcode.app/Contents/Developer/Toolchains/XcodeDefault.xctoolchain/usr/bin/ld] ==> ignore
    arg [-demangle] ==> ignore
    arg [-lto_library] ==> ignore, skip following value
    arg [/Applications/xcode12.0.1/Xcode.app/Contents/Developer/Toolchains/XcodeDefault.xctoolchain/usr/lib/libLTO.dylib] ==> skip value of -lto_library
    arg [-dynamic] ==> ignore
    arg [-arch] ==> ignore
    arg [x86_64] ==> ignore
    arg [-platform_version] ==> ignore
    arg [macos] ==> ignore
    arg [10.15.6] ==> ignore
    arg [10.15.6] ==> ignore
    arg [-syslibroot] ==> ignore
    arg [/Applications/xcode12.0.1/Xcode.app/Contents/Developer/Platforms/MacOSX.platform/Developer/SDKs/MacOSX10.15.sdk] ==> ignore
    arg [-o] ==> ignore
    arg [cmTC_a3e1d] ==> ignore
    arg [-search_paths_first] ==> ignore
    arg [-headerpad_max_install_names] ==> ignore
    arg [-v] ==> ignore
    arg [CMakeFiles/cmTC_a3e1d.dir/CMakeCCompilerABI.c.o] ==> ignore
    arg [-lSystem] ==> lib [System]
    arg [/Applications/xcode12.0.1/Xcode.app/Contents/Developer/Toolchains/XcodeDefault.xctoolchain/usr/lib/clang/12.0.0/lib/darwin/libclang_rt.osx.a] ==> lib [/Applications/xcode12.0.1/Xcode.app/Contents/Developer/Toolchains/XcodeDefault.xctoolchain/usr/lib/clang/12.0.0/lib/darwin/libclang_rt.osx.a]
  Library search paths: [;/Applications/xcode12.0.1/Xcode.app/Contents/Developer/Platforms/MacOSX.platform/Developer/SDKs/MacOSX10.15.sdk/usr/lib]
  Framework search paths: [;/Applications/xcode12.0.1/Xcode.app/Contents/Developer/Platforms/MacOSX.platform/Developer/SDKs/MacOSX10.15.sdk/System/Library/Frameworks/]
  remove lib [System]
  remove lib [/Applications/xcode12.0.1/Xcode.app/Contents/Developer/Toolchains/XcodeDefault.xctoolchain/usr/lib/clang/12.0.0/lib/darwin/libclang_rt.osx.a]
  collapse library dir [/Applications/xcode12.0.1/Xcode.app/Contents/Developer/Platforms/MacOSX.platform/Developer/SDKs/MacOSX10.15.sdk/usr/lib] ==> [/Applications/xcode12.0.1/Xcode.app/Contents/Developer/Platforms/MacOSX.platform/Developer/SDKs/MacOSX10.15.sdk/usr/lib]
  collapse framework dir [/Applications/xcode12.0.1/Xcode.app/Contents/Developer/Platforms/MacOSX.platform/Developer/SDKs/MacOSX10.15.sdk/System/Library/Frameworks/] ==> [/Applications/xcode12.0.1/Xcode.app/Contents/Developer/Platforms/MacOSX.platform/Developer/SDKs/MacOSX10.15.sdk/System/Library/Frameworks]
  implicit libs: []
  implicit dirs: [/Applications/xcode12.0.1/Xcode.app/Contents/Developer/Platforms/MacOSX.platform/Developer/SDKs/MacOSX10.15.sdk/usr/lib]
  implicit fwks: [/Applications/xcode12.0.1/Xcode.app/Contents/Developer/Platforms/MacOSX.platform/Developer/SDKs/MacOSX10.15.sdk/System/Library/Frameworks]


Determining if the CXX compiler works passed with the following output:
Change Dir: /Users/wushun/Desktop/mySrs/srs/Other/myKcp/kcp/kcpClient/CMakeFiles/CMakeTmp

Run Build Command(s):/usr/bin/make cmTC_6f2f4/fast && /Applications/xcode12.0.1/Xcode.app/Contents/Developer/usr/bin/make -f CMakeFiles/cmTC_6f2f4.dir/build.make CMakeFiles/cmTC_6f2f4.dir/build
Building CXX object CMakeFiles/cmTC_6f2f4.dir/testCXXCompiler.cxx.o
/Applications/xcode12.0.1/Xcode.app/Contents/Developer/Toolchains/XcodeDefault.xctoolchain/usr/bin/c++    -isysroot /Applications/xcode12.0.1/Xcode.app/Contents/Developer/Platforms/MacOSX.platform/Developer/SDKs/MacOSX10.15.sdk   -o CMakeFiles/cmTC_6f2f4.dir/testCXXCompiler.cxx.o -c /Users/wushun/Desktop/mySrs/srs/Other/myKcp/kcp/kcpClient/CMakeFiles/CMakeTmp/testCXXCompiler.cxx
Linking CXX executable cmTC_6f2f4
/usr/local/Cellar/cmake/3.16.4/bin/cmake -E cmake_link_script CMakeFiles/cmTC_6f2f4.dir/link.txt --verbose=1
/Applications/xcode12.0.1/Xcode.app/Contents/Developer/Toolchains/XcodeDefault.xctoolchain/usr/bin/c++    -isysroot /Applications/xcode12.0.1/Xcode.app/Contents/Developer/Platforms/MacOSX.platform/Developer/SDKs/MacOSX10.15.sdk -Wl,-search_paths_first -Wl,-headerpad_max_install_names   CMakeFiles/cmTC_6f2f4.dir/testCXXCompiler.cxx.o  -o cmTC_6f2f4 



Detecting CXX compiler ABI info compiled with the following output:
Change Dir: /Users/wushun/Desktop/mySrs/srs/Other/myKcp/kcp/kcpClient/CMakeFiles/CMakeTmp

Run Build Command(s):/usr/bin/make cmTC_42293/fast && /Applications/xcode12.0.1/Xcode.app/Contents/Developer/usr/bin/make -f CMakeFiles/cmTC_42293.dir/build.make CMakeFiles/cmTC_42293.dir/build
Building CXX object CMakeFiles/cmTC_42293.dir/CMakeCXXCompilerABI.cpp.o
/Applications/xcode12.0.1/Xcode.app/Contents/Developer/Toolchains/XcodeDefault.xctoolchain/usr/bin/c++    -isysroot /Applications/xcode12.0.1/Xcode.app/Contents/Developer/Platforms/MacOSX.platform/Developer/SDKs/MacOSX10.15.sdk   -v -Wl,-v -o CMakeFiles/cmTC_42293.dir/CMakeCXXCompilerABI.cpp.o -c /usr/local/Cellar/cmake/3.16.4/share/cmake/Modules/CMakeCXXCompilerABI.cpp
Apple clang version 12.0.0 (clang-1200.0.32.2)
Target: x86_64-apple-darwin20.4.0
Thread model: posix
InstalledDir: /Applications/xcode12.0.1/Xcode.app/Contents/Developer/Toolchains/XcodeDefault.xctoolchain/usr/bin
clang: warning: -Wl,-v: 'linker' input unused [-Wunused-command-line-argument]
ignoring nonexistent directory "/Applications/xcode12.0.1/Xcode.app/Contents/Developer/Platforms/MacOSX.platform/Developer/SDKs/MacOSX10.15.sdk/usr/include/c++/v1"
 "/Applications/xcode12.0.1/Xcode.app/Contents/Developer/Toolchains/XcodeDefault.xctoolchain/usr/bin/clang" -cc1 -triple x86_64-apple-macosx10.15.6 -Wdeprecated-objc-isa-usage -Werror=deprecated-objc-isa-usage -Werror=implicit-function-declaration -emit-obj -mrelax-all -disable-free -disable-llvm-verifier -discard-value-names -main-file-name CMakeCXXCompilerABI.cpp -mrelocation-model pic -pic-level 2 -mthread-model posix -mframe-pointer=all -fno-strict-return -masm-verbose -munwind-tables -target-sdk-version=10.15.6 -fcompatibility-qualified-id-block-type-checking -target-cpu penryn -dwarf-column-info -debugger-tuning=lldb -target-linker-version 609 -v -resource-dir /Applications/xcode12.0.1/Xcode.app/Contents/Developer/Toolchains/XcodeDefault.xctoolchain/usr/lib/clang/12.0.0 -isysroot /Applications/xcode12.0.1/Xcode.app/Contents/Developer/Platforms/MacOSX.platform/Developer/SDKs/MacOSX10.15.sdk -stdlib=libc++ -internal-isystem /Applications/xcode12.0.1/Xcode.app/Contents/Developer/Toolchains/XcodeDefault.xctoolchain/usr/bin/../include/c++/v1 -internal-isystem /Applications/xcode12.0.1/Xcode.app/Contents/Developer/Platforms/MacOSX.platform/Developer/SDKs/MacOSX10.15.sdk/usr/local/include -internal-isystem /Applications/xcode12.0.1/Xcode.app/Contents/Developer/Toolchains/XcodeDefault.xctoolchain/usr/lib/clang/12.0.0/include -internal-externc-isystem /Applications/xcode12.0.1/Xcode.app/Contents/Developer/Platforms/MacOSX.platform/Developer/SDKs/MacOSX10.15.sdk/usr/include -internal-externc-isystem /Applications/xcode12.0.1/Xcode.app/Contents/Developer/Toolchains/XcodeDefault.xctoolchain/usr/include -Wno-reorder-init-list -Wno-implicit-int-float-conversion -Wno-c99-designator -Wno-final-dtor-non-final-class -Wno-extra-semi-stmt -Wno-misleading-indentation -Wno-quoted-include-in-framework-header -Wno-implicit-fallthrough -Wno-enum-enum-conversion -Wno-enum-float-conversion -fdeprecated-macro -fdebug-compilation-dir /Users/wushun/Desktop/mySrs/srs/Other/myKcp/kcp/kcpClient/CMakeFiles/CMakeTmp -ferror-limit 19 -fmessage-length 0 -stack-protector 1 -fstack-check -mdarwin-stkchk-strong-link -fblocks -fencode-extended-block-signature -fregister-global-dtors-with-atexit -fgnuc-version=4.2.1 -fobjc-runtime=macosx-10.15.6 -fcxx-exceptions -fexceptions -fmax-type-align=16 -fdiagnostics-show-option -o CMakeFiles/cmTC_42293.dir/CMakeCXXCompilerABI.cpp.o -x c++ /usr/local/Cellar/cmake/3.16.4/share/cmake/Modules/CMakeCXXCompilerABI.cpp
clang -cc1 version 12.0.0 (clang-1200.0.32.2) default target x86_64-apple-darwin20.4.0
ignoring nonexistent directory "/Applications/xcode12.0.1/Xcode.app/Contents/Developer/Platforms/MacOSX.platform/Developer/SDKs/MacOSX10.15.sdk/usr/local/include"
ignoring nonexistent directory "/Applications/xcode12.0.1/Xcode.app/Contents/Developer/Platforms/MacOSX.platform/Developer/SDKs/MacOSX10.15.sdk/Library/Frameworks"
#include "..." search starts here:
#include <...> search starts here:
 /Applications/xcode12.0.1/Xcode.app/Contents/Developer/Toolchains/XcodeDefault.xctoolchain/usr/bin/../include/c++/v1
 /Applications/xcode12.0.1/Xcode.app/Contents/Developer/Toolchains/XcodeDefault.xctoolchain/usr/lib/clang/12.0.0/include
 /Applications/xcode12.0.1/Xcode.app/Contents/Developer/Platforms/MacOSX.platform/Developer/SDKs/MacOSX10.15.sdk/usr/include
 /Applications/xcode12.0.1/Xcode.app/Contents/Developer/Toolchains/XcodeDefault.xctoolchain/usr/include
 /Applications/xcode12.0.1/Xcode.app/Contents/Developer/Platforms/MacOSX.platform/Developer/SDKs/MacOSX10.15.sdk/System/Library/Frameworks (framework directory)
End of search list.
Linking CXX executable cmTC_42293
/usr/local/Cellar/cmake/3.16.4/bin/cmake -E cmake_link_script CMakeFiles/cmTC_42293.dir/link.txt --verbose=1
/Applications/xcode12.0.1/Xcode.app/Contents/Developer/Toolchains/XcodeDefault.xctoolchain/usr/bin/c++    -isysroot /Applications/xcode12.0.1/Xcode.app/Contents/Developer/Platforms/MacOSX.platform/Developer/SDKs/MacOSX10.15.sdk -Wl,-search_paths_first -Wl,-headerpad_max_install_names  -v -Wl,-v CMakeFiles/cmTC_42293.dir/CMakeCXXCompilerABI.cpp.o  -o cmTC_42293 
Apple clang version 12.0.0 (clang-1200.0.32.2)
Target: x86_64-apple-darwin20.4.0
Thread model: posix
InstalledDir: /Applications/xcode12.0.1/Xcode.app/Contents/Developer/Toolchains/XcodeDefault.xctoolchain/usr/bin
 "/Applications/xcode12.0.1/Xcode.app/Contents/Developer/Toolchains/XcodeDefault.xctoolchain/usr/bin/ld" -demangle -lto_library /Applications/xcode12.0.1/Xcode.app/Contents/Developer/Toolchains/XcodeDefault.xctoolchain/usr/lib/libLTO.dylib -dynamic -arch x86_64 -platform_version macos 10.15.6 10.15.6 -syslibroot /Applications/xcode12.0.1/Xcode.app/Contents/Developer/Platforms/MacOSX.platform/Developer/SDKs/MacOSX10.15.sdk -o cmTC_42293 -search_paths_first -headerpad_max_install_names -v CMakeFiles/cmTC_42293.dir/CMakeCXXCompilerABI.cpp.o -lc++ -lSystem /Applications/xcode12.0.1/Xcode.app/Contents/Developer/Toolchains/XcodeDefault.xctoolchain/usr/lib/clang/12.0.0/lib/darwin/libclang_rt.osx.a
@(#)PROGRAM:ld  PROJECT:ld64-609
BUILD 07:59:13 Aug 25 2020
configured to support archs: armv6 armv7 armv7s arm64 arm64e arm64_32 i386 x86_64 x86_64h armv6m armv7k armv7m armv7em
Library search paths:
	/Applications/xcode12.0.1/Xcode.app/Contents/Developer/Platforms/MacOSX.platform/Developer/SDKs/MacOSX10.15.sdk/usr/lib
Framework search paths:
	/Applications/xcode12.0.1/Xcode.app/Contents/Developer/Platforms/MacOSX.platform/Developer/SDKs/MacOSX10.15.sdk/System/Library/Frameworks/



Parsed CXX implicit include dir info from above output: rv=done
  found start of include info
  found start of implicit include info
    add: [/Applications/xcode12.0.1/Xcode.app/Contents/Developer/Toolchains/XcodeDefault.xctoolchain/usr/bin/../include/c++/v1]
    add: [/Applications/xcode12.0.1/Xcode.app/Contents/Developer/Toolchains/XcodeDefault.xctoolchain/usr/lib/clang/12.0.0/include]
    add: [/Applications/xcode12.0.1/Xcode.app/Contents/Developer/Platforms/MacOSX.platform/Developer/SDKs/MacOSX10.15.sdk/usr/include]
    add: [/Applications/xcode12.0.1/Xcode.app/Contents/Developer/Toolchains/XcodeDefault.xctoolchain/usr/include]
  end of search list found
  collapse include dir [/Applications/xcode12.0.1/Xcode.app/Contents/Developer/Toolchains/XcodeDefault.xctoolchain/usr/bin/../include/c++/v1] ==> [/Applications/xcode12.0.1/Xcode.app/Contents/Developer/Toolchains/XcodeDefault.xctoolchain/usr/include/c++/v1]
  collapse include dir [/Applications/xcode12.0.1/Xcode.app/Contents/Developer/Toolchains/XcodeDefault.xctoolchain/usr/lib/clang/12.0.0/include] ==> [/Applications/xcode12.0.1/Xcode.app/Contents/Developer/Toolchains/XcodeDefault.xctoolchain/usr/lib/clang/12.0.0/include]
  collapse include dir [/Applications/xcode12.0.1/Xcode.app/Contents/Developer/Platforms/MacOSX.platform/Developer/SDKs/MacOSX10.15.sdk/usr/include] ==> [/Applications/xcode12.0.1/Xcode.app/Contents/Developer/Platforms/MacOSX.platform/Developer/SDKs/MacOSX10.15.sdk/usr/include]
  collapse include dir [/Applications/xcode12.0.1/Xcode.app/Contents/Developer/Toolchains/XcodeDefault.xctoolchain/usr/include] ==> [/Applications/xcode12.0.1/Xcode.app/Contents/Developer/Toolchains/XcodeDefault.xctoolchain/usr/include]
  implicit include dirs: [/Applications/xcode12.0.1/Xcode.app/Contents/Developer/Toolchains/XcodeDefault.xctoolchain/usr/include/c++/v1;/Applications/xcode12.0.1/Xcode.app/Contents/Developer/Toolchains/XcodeDefault.xctoolchain/usr/lib/clang/12.0.0/include;/Applications/xcode12.0.1/Xcode.app/Contents/Developer/Platforms/MacOSX.platform/Developer/SDKs/MacOSX10.15.sdk/usr/include;/Applications/xcode12.0.1/Xcode.app/Contents/Developer/Toolchains/XcodeDefault.xctoolchain/usr/include]


Parsed CXX implicit link information from above output:
  link line regex: [^( *|.*[/\])(ld|CMAKE_LINK_STARTFILE-NOTFOUND|([^/\]+-)?ld|collect2)[^/\]*( |$)]
  ignore line: [Change Dir: /Users/wushun/Desktop/mySrs/srs/Other/myKcp/kcp/kcpClient/CMakeFiles/CMakeTmp]
  ignore line: []
  ignore line: [Run Build Command(s):/usr/bin/make cmTC_42293/fast && /Applications/xcode12.0.1/Xcode.app/Contents/Developer/usr/bin/make -f CMakeFiles/cmTC_42293.dir/build.make CMakeFiles/cmTC_42293.dir/build]
  ignore line: [Building CXX object CMakeFiles/cmTC_42293.dir/CMakeCXXCompilerABI.cpp.o]
  ignore line: [/Applications/xcode12.0.1/Xcode.app/Contents/Developer/Toolchains/XcodeDefault.xctoolchain/usr/bin/c++    -isysroot /Applications/xcode12.0.1/Xcode.app/Contents/Developer/Platforms/MacOSX.platform/Developer/SDKs/MacOSX10.15.sdk   -v -Wl -v -o CMakeFiles/cmTC_42293.dir/CMakeCXXCompilerABI.cpp.o -c /usr/local/Cellar/cmake/3.16.4/share/cmake/Modules/CMakeCXXCompilerABI.cpp]
  ignore line: [Apple clang version 12.0.0 (clang-1200.0.32.2)]
  ignore line: [Target: x86_64-apple-darwin20.4.0]
  ignore line: [Thread model: posix]
  ignore line: [InstalledDir: /Applications/xcode12.0.1/Xcode.app/Contents/Developer/Toolchains/XcodeDefault.xctoolchain/usr/bin]
  ignore line: [clang: warning: -Wl -v: 'linker' input unused [-Wunused-command-line-argument]]
  ignore line: [ignoring nonexistent directory "/Applications/xcode12.0.1/Xcode.app/Contents/Developer/Platforms/MacOSX.platform/Developer/SDKs/MacOSX10.15.sdk/usr/include/c++/v1"]
  ignore line: [ "/Applications/xcode12.0.1/Xcode.app/Contents/Developer/Toolchains/XcodeDefault.xctoolchain/usr/bin/clang" -cc1 -triple x86_64-apple-macosx10.15.6 -Wdeprecated-objc-isa-usage -Werror=deprecated-objc-isa-usage -Werror=implicit-function-declaration -emit-obj -mrelax-all -disable-free -disable-llvm-verifier -discard-value-names -main-file-name CMakeCXXCompilerABI.cpp -mrelocation-model pic -pic-level 2 -mthread-model posix -mframe-pointer=all -fno-strict-return -masm-verbose -munwind-tables -target-sdk-version=10.15.6 -fcompatibility-qualified-id-block-type-checking -target-cpu penryn -dwarf-column-info -debugger-tuning=lldb -target-linker-version 609 -v -resource-dir /Applications/xcode12.0.1/Xcode.app/Contents/Developer/Toolchains/XcodeDefault.xctoolchain/usr/lib/clang/12.0.0 -isysroot /Applications/xcode12.0.1/Xcode.app/Contents/Developer/Platforms/MacOSX.platform/Developer/SDKs/MacOSX10.15.sdk -stdlib=libc++ -internal-isystem /Applications/xcode12.0.1/Xcode.app/Contents/Developer/Toolchains/XcodeDefault.xctoolchain/usr/bin/../include/c++/v1 -internal-isystem /Applications/xcode12.0.1/Xcode.app/Contents/Developer/Platforms/MacOSX.platform/Developer/SDKs/MacOSX10.15.sdk/usr/local/include -internal-isystem /Applications/xcode12.0.1/Xcode.app/Contents/Developer/Toolchains/XcodeDefault.xctoolchain/usr/lib/clang/12.0.0/include -internal-externc-isystem /Applications/xcode12.0.1/Xcode.app/Contents/Developer/Platforms/MacOSX.platform/Developer/SDKs/MacOSX10.15.sdk/usr/include -internal-externc-isystem /Applications/xcode12.0.1/Xcode.app/Contents/Developer/Toolchains/XcodeDefault.xctoolchain/usr/include -Wno-reorder-init-list -Wno-implicit-int-float-conversion -Wno-c99-designator -Wno-final-dtor-non-final-class -Wno-extra-semi-stmt -Wno-misleading-indentation -Wno-quoted-include-in-framework-header -Wno-implicit-fallthrough -Wno-enum-enum-conversion -Wno-enum-float-conversion -fdeprecated-macro -fdebug-compilation-dir /Users/wushun/Desktop/mySrs/srs/Other/myKcp/kcp/kcpClient/CMakeFiles/CMakeTmp -ferror-limit 19 -fmessage-length 0 -stack-protector 1 -fstack-check -mdarwin-stkchk-strong-link -fblocks -fencode-extended-block-signature -fregister-global-dtors-with-atexit -fgnuc-version=4.2.1 -fobjc-runtime=macosx-10.15.6 -fcxx-exceptions -fexceptions -fmax-type-align=16 -fdiagnostics-show-option -o CMakeFiles/cmTC_42293.dir/CMakeCXXCompilerABI.cpp.o -x c++ /usr/local/Cellar/cmake/3.16.4/share/cmake/Modules/CMakeCXXCompilerABI.cpp]
  ignore line: [clang -cc1 version 12.0.0 (clang-1200.0.32.2) default target x86_64-apple-darwin20.4.0]
  ignore line: [ignoring nonexistent directory "/Applications/xcode12.0.1/Xcode.app/Contents/Developer/Platforms/MacOSX.platform/Developer/SDKs/MacOSX10.15.sdk/usr/local/include"]
  ignore line: [ignoring nonexistent directory "/Applications/xcode12.0.1/Xcode.app/Contents/Developer/Platforms/MacOSX.platform/Developer/SDKs/MacOSX10.15.sdk/Library/Frameworks"]
  ignore line: [#include "..." search starts here:]
  ignore line: [#include <...> search starts here:]
  ignore line: [ /Applications/xcode12.0.1/Xcode.app/Contents/Developer/Toolchains/XcodeDefault.xctoolchain/usr/bin/../include/c++/v1]
  ignore line: [ /Applications/xcode12.0.1/Xcode.app/Contents/Developer/Toolchains/XcodeDefault.xctoolchain/usr/lib/clang/12.0.0/include]
  ignore line: [ /Applications/xcode12.0.1/Xcode.app/Contents/Developer/Platforms/MacOSX.platform/Developer/SDKs/MacOSX10.15.sdk/usr/include]
  ignore line: [ /Applications/xcode12.0.1/Xcode.app/Contents/Developer/Toolchains/XcodeDefault.xctoolchain/usr/include]
  ignore line: [ /Applications/xcode12.0.1/Xcode.app/Contents/Developer/Platforms/MacOSX.platform/Developer/SDKs/MacOSX10.15.sdk/System/Library/Frameworks (framework directory)]
  ignore line: [End of search list.]
  ignore line: [Linking CXX executable cmTC_42293]
  ignore line: [/usr/local/Cellar/cmake/3.16.4/bin/cmake -E cmake_link_script CMakeFiles/cmTC_42293.dir/link.txt --verbose=1]
  ignore line: [/Applications/xcode12.0.1/Xcode.app/Contents/Developer/Toolchains/XcodeDefault.xctoolchain/usr/bin/c++    -isysroot /Applications/xcode12.0.1/Xcode.app/Contents/Developer/Platforms/MacOSX.platform/Developer/SDKs/MacOSX10.15.sdk -Wl -search_paths_first -Wl -headerpad_max_install_names  -v -Wl -v CMakeFiles/cmTC_42293.dir/CMakeCXXCompilerABI.cpp.o  -o cmTC_42293 ]
  ignore line: [Apple clang version 12.0.0 (clang-1200.0.32.2)]
  ignore line: [Target: x86_64-apple-darwin20.4.0]
  ignore line: [Thread model: posix]
  ignore line: [InstalledDir: /Applications/xcode12.0.1/Xcode.app/Contents/Developer/Toolchains/XcodeDefault.xctoolchain/usr/bin]
  link line: [ "/Applications/xcode12.0.1/Xcode.app/Contents/Developer/Toolchains/XcodeDefault.xctoolchain/usr/bin/ld" -demangle -lto_library /Applications/xcode12.0.1/Xcode.app/Contents/Developer/Toolchains/XcodeDefault.xctoolchain/usr/lib/libLTO.dylib -dynamic -arch x86_64 -platform_version macos 10.15.6 10.15.6 -syslibroot /Applications/xcode12.0.1/Xcode.app/Contents/Developer/Platforms/MacOSX.platform/Developer/SDKs/MacOSX10.15.sdk -o cmTC_42293 -search_paths_first -headerpad_max_install_names -v CMakeFiles/cmTC_42293.dir/CMakeCXXCompilerABI.cpp.o -lc++ -lSystem /Applications/xcode12.0.1/Xcode.app/Contents/Developer/Toolchains/XcodeDefault.xctoolchain/usr/lib/clang/12.0.0/lib/darwin/libclang_rt.osx.a]
    arg [/Applications/xcode12.0.1/Xcode.app/Contents/Developer/Toolchains/XcodeDefault.xctoolchain/usr/bin/ld] ==> ignore
    arg [-demangle] ==> ignore
    arg [-lto_library] ==> ignore, skip following value
    arg [/Applications/xcode12.0.1/Xcode.app/Contents/Developer/Toolchains/XcodeDefault.xctoolchain/usr/lib/libLTO.dylib] ==> skip value of -lto_library
    arg [-dynamic] ==> ignore
    arg [-arch] ==> ignore
    arg [x86_64] ==> ignore
    arg [-platform_version] ==> ignore
    arg [macos] ==> ignore
    arg [10.15.6] ==> ignore
    arg [10.15.6] ==> ignore
    arg [-syslibroot] ==> ignore
    arg [/Applications/xcode12.0.1/Xcode.app/Contents/Developer/Platforms/MacOSX.platform/Developer/SDKs/MacOSX10.15.sdk] ==> ignore
    arg [-o] ==> ignore
    arg [cmTC_42293] ==> ignore
    arg [-search_paths_first] ==> ignore
    arg [-headerpad_max_install_names] ==> ignore
    arg [-v] ==> ignore
    arg [CMakeFiles/cmTC_42293.dir/CMakeCXXCompilerABI.cpp.o] ==> ignore
    arg [-lc++] ==> lib [c++]
    arg [-lSystem] ==> lib [System]
    arg [/Applications/xcode12.0.1/Xcode.app/Contents/Developer/Toolchains/XcodeDefault.xctoolchain/usr/lib/clang/12.0.0/lib/darwin/libclang_rt.osx.a] ==> lib [/Applications/xcode12.0.1/Xcode.app/Contents/Developer/Toolchains/XcodeDefault.xctoolchain/usr/lib/clang/12.0.0/lib/darwin/libclang_rt.osx.a]
  Library search paths: [;/Applications/xcode12.0.1/Xcode.app/Contents/Developer/Platforms/MacOSX.platform/Developer/SDKs/MacOSX10.15.sdk/usr/lib]
  Framework search paths: [;/Applications/xcode12.0.1/Xcode.app/Contents/Developer/Platforms/MacOSX.platform/Developer/SDKs/MacOSX10.15.sdk/System/Library/Frameworks/]
  remove lib [System]
  remove lib [/Applications/xcode12.0.1/Xcode.app/Contents/Developer/Toolchains/XcodeDefault.xctoolchain/usr/lib/clang/12.0.0/lib/darwin/libclang_rt.osx.a]
  collapse library dir [/Applications/xcode12.0.1/Xcode.app/Contents/Developer/Platforms/MacOSX.platform/Developer/SDKs/MacOSX10.15.sdk/usr/lib] ==> [/Applications/xcode12.0.1/Xcode.app/Contents/Developer/Platforms/MacOSX.platform/Developer/SDKs/MacOSX10.15.sdk/usr/lib]
  collapse framework dir [/Applications/xcode12.0.1/Xcode.app/Contents/Developer/Platforms/MacOSX.platform/Developer/SDKs/MacOSX10.15.sdk/System/Library/Frameworks/] ==> [/Applications/xcode12.0.1/Xcode.app/Contents/Developer/Platforms/MacOSX.platform/Developer/SDKs/MacOSX10.15.sdk/System/Library/Frameworks]
  implicit libs: [c++]
  implicit dirs: [/Applications/xcode12.0.1/Xcode.app/Contents/Developer/Platforms/MacOSX.platform/Developer/SDKs/MacOSX10.15.sdk/usr/lib]
  implicit fwks: [/Applications/xcode12.0.1/Xcode.app/Contents/Developer/Platforms/MacOSX.platform/Developer/SDKs/MacOSX10.15.sdk/System/Library/Frameworks]


